[master (root-commit) 08b2551] Lab 2 commit
 1 file changed, 25 insertions(+)
 create mode 100755 pwcheck.sh
On branch master
Untracked files:
	.local.git.out
	monitor.sh
	script-consumer.sh

nothing added to commit but untracked files present
On branch master
Untracked files:
	.local.git.out
	monitor.sh
	script-consumer.sh

nothing added to commit but untracked files present
[master 880fd48] Lab 2 commit
 1 file changed, 2 insertions(+), 2 deletions(-)
[master 664dff8] Lab 2 commit
 1 file changed, 2 insertions(+), 1 deletion(-)
[master 1848041] Lab 2 commit
 1 file changed, 1 insertion(+), 1 deletion(-)
[master 061b503] Lab 2 commit
 1 file changed, 1 insertion(+), 1 deletion(-)
On branch master
Untracked files:
	.local.git.out
	monitor.sh
	script-consumer.sh

nothing added to commit but untracked files present
On branch master
Untracked files:
	.local.git.out
	monitor.sh
	script-consumer.sh

nothing added to commit but untracked files present
[master b519e22] Lab 2 commit
 1 file changed, 1 insertion(+), 1 deletion(-)
On branch master
Untracked files:
	.local.git.out
	monitor.sh
	script-consumer.sh

nothing added to commit but untracked files present
[master f768b07] Lab 2 commit
 1 file changed, 1 insertion(+), 1 deletion(-)
On branch master
Untracked files:
	.local.git.out
	monitor.sh
	script-consumer.sh

nothing added to commit but untracked files present
[master a907b4d] Lab 2 commit
 1 file changed, 3 insertions(+), 1 deletion(-)
[master a7ff20d] Lab 2 commit
 1 file changed, 1 insertion(+), 1 deletion(-)
On branch master
Untracked files:
	.local.git.out
	monitor.sh
	script-consumer.sh

nothing added to commit but untracked files present
[master e782ff1] Lab 2 commit
 1 file changed, 4 insertions(+)
On branch master
Untracked files:
	.local.git.out
	monitor.sh
	script-consumer.sh

nothing added to commit but untracked files present
[master d9d9684] Lab 2 commit
 1 file changed, 1 insertion(+), 1 deletion(-)
[master b05047c] Lab 2 commit
 1 file changed, 1 insertion(+), 2 deletions(-)
On branch master
Untracked files:
	.local.git.out
	monitor.sh
	script-consumer.sh

nothing added to commit but untracked files present
[master e73e9bf] Lab 2 commit
 1 file changed, 3 insertions(+), 2 deletions(-)
On branch master
Untracked files:
	.local.git.out
	monitor.sh
	script-consumer.sh

nothing added to commit but untracked files present
On branch master
Untracked files:
	.local.git.out
	monitor.sh
	script-consumer.sh

nothing added to commit but untracked files present
On branch master
Untracked files:
	.local.git.out
	monitor.sh
	script-consumer.sh

nothing added to commit but untracked files present
On branch master
Untracked files:
	.local.git.out
	monitor.sh
	script-consumer.sh

nothing added to commit but untracked files present
[master 73dcdfb] Lab 2 commit
 1 file changed, 6 insertions(+)
[master 0846dba] Lab 2 commit
 1 file changed, 2 insertions(+)
On branch master
Untracked files:
	.local.git.out
	monitor.sh
	script-consumer.sh

nothing added to commit but untracked files present
[master 0671200] Lab 2 commit
 1 file changed, 1 insertion(+), 1 deletion(-)
[master 83956e9] Lab 2 commit
 1 file changed, 1 insertion(+), 3 deletions(-)
On branch master
Untracked files:
	.local.git.out
	monitor.sh
	script-consumer.sh

nothing added to commit but untracked files present
[master 376c4b8] Lab 2 commit
 1 file changed, 1 insertion(+), 1 deletion(-)
[master c701ce6] Lab 2 commit
 1 file changed, 1 insertion(+), 1 deletion(-)
[master a386ec7] Lab 2 commit
 1 file changed, 1 insertion(+), 1 deletion(-)
[master fdaa279] Lab 2 commit
 1 file changed, 1 insertion(+), 1 deletion(-)
[master b3b4ebf] Lab 2 commit
 1 file changed, 2 insertions(+)
[master 1907ceb] Lab 2 commit
 1 file changed, 4 insertions(+), 4 deletions(-)
On branch master
Untracked files:
	.local.git.out
	monitor.sh
	script-consumer.sh

nothing added to commit but untracked files present
[master 602c0a9] Lab 2 commit
 1 file changed, 1 insertion(+), 1 deletion(-)
On branch master
Untracked files:
	.local.git.out
	monitor.sh
	regex-test.txt
	script-consumer.sh

nothing added to commit but untracked files present
[master 4c6e5a7] Lab 2 commit
 1 file changed, 2 insertions(+)
[master 7d4627f] Lab 2 commit
 1 file changed, 1 insertion(+), 1 deletion(-)
[master bebf695] Lab 2 commit
 1 file changed, 1 insertion(+), 1 deletion(-)
[master 7d7d6e4] Lab 2 commit
 1 file changed, 1 insertion(+), 1 deletion(-)
On branch master
Untracked files:
	.local.git.out
	monitor.sh
	regex-test.txt
	script-consumer.sh

nothing added to commit but untracked files present
On branch master
Untracked files:
	.local.git.out
	monitor.sh
	regex-test.txt
	script-consumer.sh

nothing added to commit but untracked files present
On branch master
Untracked files:
	.local.git.out
	monitor.sh
	regex-test.txt
	script-consumer.sh

nothing added to commit but untracked files present
[master bfebcb0] Lab 2 commit
 1 file changed, 1 insertion(+), 1 deletion(-)
On branch master
Untracked files:
	.local.git.out
	monitor.sh
	regex-test.txt
	script-consumer.sh

nothing added to commit but untracked files present
[master 45e33be] Lab 2 commit
 1 file changed, 6 insertions(+), 1 deletion(-)
On branch master
Untracked files:
	.local.git.out
	monitor.sh
	regex-test.txt
	script-consumer.sh

nothing added to commit but untracked files present
On branch master
Untracked files:
	.local.git.out
	monitor.sh
	regex-test.txt
	script-consumer.sh

nothing added to commit but untracked files present
[master a3d6c82] Lab 2 commit
 1 file changed, 1 insertion(+), 1 deletion(-)
On branch master
Untracked files:
	.local.git.out
	monitor.sh
	regex-test.txt
	script-consumer.sh

nothing added to commit but untracked files present
[master f1acb8e] Lab 2 commit
 1 file changed, 1 insertion(+), 1 deletion(-)
[master b47ea9b] Lab 2 commit
 1 file changed, 2 deletions(-)
[master c6cd0a0] Lab 2 commit
 1 file changed, 1 insertion(+), 1 deletion(-)
[master fd7ef8a] Lab 2 commit
 1 file changed, 1 insertion(+)
On branch master
Untracked files:
	.local.git.out
	monitor.sh
	regex-test.txt
	script-consumer.sh

nothing added to commit but untracked files present
[master 9cf96c7] Lab 2 commit
 1 file changed, 1 insertion(+), 1 deletion(-)
On branch master
Untracked files:
	.local.git.out
	monitor.sh
	regex-test.txt
	script-consumer.sh

nothing added to commit but untracked files present
[master 899fa14] Lab 2 commit
 1 file changed, 1 insertion(+), 1 deletion(-)
[master 5267eb3] Lab 2 commit
 1 file changed, 3 insertions(+), 1 deletion(-)
[master 0b8f497] Lab 2 commit
 1 file changed, 2 insertions(+), 2 deletions(-)
On branch master
Untracked files:
	.local.git.out
	monitor.sh
	regex-test.txt
	script-consumer.sh

nothing added to commit but untracked files present
[master f1ae552] Lab 2 commit
 1 file changed, 1 insertion(+)
[master 5c0b124] Lab 2 commit
 1 file changed, 18 insertions(+), 1 deletion(-)
[master b5dbc5e] Lab 2 commit
 1 file changed, 6 insertions(+)
[master 03e8784] Lab 2 commit
 1 file changed, 1 insertion(+), 1 deletion(-)
[master 8e477df] Lab 2 commit
 1 file changed, 1 insertion(+), 1 deletion(-)
[master 240d4eb] Lab 2 commit
 1 file changed, 13 insertions(+), 1 deletion(-)
[master fd3979d] Lab 2 commit
 1 file changed, 6 insertions(+)
[master 0d9081c] Lab 2 commit
 1 file changed, 1 insertion(+), 1 deletion(-)
[master d225b69] Lab 2 commit
 1 file changed, 2 insertions(+), 2 deletions(-)
[master 367cda7] Lab 2 commit
 1 file changed, 2 insertions(+), 2 deletions(-)
[master 72b9508] Lab 2 commit
 1 file changed, 3 insertions(+), 3 deletions(-)
[master 7c94f6b] Lab 2 commit
 1 file changed, 3 insertions(+), 3 deletions(-)
[master 2db6905] Lab 2 commit
 1 file changed, 6 insertions(+)
On branch master
Untracked files:
	.local.git.out
	monitor.sh
	regex-test.txt
	script-consumer.sh

nothing added to commit but untracked files present
On branch master
Untracked files:
	.local.git.out
	monitor.sh
	regex-test.txt
	script-consumer.sh

nothing added to commit but untracked files present
[master 6df62ba] Lab 2 commit
 1 file changed, 1 insertion(+), 1 deletion(-)
On branch master
Untracked files:
	.local.git.out
	monitor.sh
	regex-test.txt
	script-consumer.sh

nothing added to commit but untracked files present
[master 7f99877] Lab 2 commit
 1 file changed, 1 insertion(+), 1 deletion(-)
[master 4c5e4f9] Lab 2 commit
 1 file changed, 1 insertion(+), 1 deletion(-)
[master 5fdad10] Lab 2 commit
 1 file changed, 1 insertion(+), 1 deletion(-)
[master f8f3de8] Lab 2 commit
 1 file changed, 1 insertion(+), 1 deletion(-)
On branch master
Untracked files:
	.local.git.out
	monitor.sh
	regex-test.txt
	script-consumer.sh

nothing added to commit but untracked files present
[master 4724573] Lab 2 commit
 1 file changed, 4 insertions(+)
[master 2d9cd21] Lab 2 commit
 1 file changed, 2 insertions(+), 2 deletions(-)
[master eb25575] Lab 2 commit
 1 file changed, 3 insertions(+), 1 deletion(-)
[master b346fad] Lab 2 commit
 1 file changed, 6 deletions(-)
On branch master
Untracked files:
	.local.git.out
	monitor.sh
	regex-test.txt
	script-consumer.sh

nothing added to commit but untracked files present
On branch master
Untracked files:
	.local.git.out
	monitor.sh
	regex-test.txt
	script-consumer.sh

nothing added to commit but untracked files present
[master 4247fdd] Lab 2 commit
 1 file changed, 2 insertions(+)
[master 1bca87f] Lab 2 commit
 1 file changed, 1 insertion(+), 1 deletion(-)
[master ddb2316] Lab 2 commit
 1 file changed, 1 insertion(+), 1 deletion(-)
On branch master
Untracked files:
	.local.git.out
	monitor.sh
	regex-test.txt
	script-consumer.sh

nothing added to commit but untracked files present
[master 4fe48f6] Lab 2 commit
 1 file changed, 21 insertions(+), 20 deletions(-)
[master d3367aa] Lab 2 commit
 1 file changed, 1 insertion(+), 1 deletion(-)
[master 5533f1a] Lab 2 commit
 1 file changed, 6 insertions(+), 9 deletions(-)
[master 77e7406] Lab 2 commit
 1 file changed, 1 insertion(+), 1 deletion(-)
[master b6183b8] Lab 2 commit
 1 file changed, 1 insertion(+), 2 deletions(-)
[master 3e5468f] Lab 2 commit
 1 file changed, 2 insertions(+)
[master edc4e4f] Lab 2 commit
 1 file changed, 4 insertions(+), 4 deletions(-)
On branch master
Untracked files:
	.local.git.out
	monitor.sh
	regex-test.txt
	script-consumer.sh

nothing added to commit but untracked files present
On branch master
Untracked files:
	.local.git.out
	monitor.sh
	regex-test.txt
	script-consumer.sh

nothing added to commit but untracked files present
[master c9ceb23] Lab 2 commit
 1 file changed, 1 insertion(+), 1 deletion(-)
[master 5e7ff35] Lab 2 commit
 1 file changed, 5 insertions(+), 3 deletions(-)
On branch master
Untracked files:
	.local.git.out
	monitor.sh
	regex-test.txt
	script-consumer.sh

nothing added to commit but untracked files present
On branch master
Untracked files:
	.local.git.out
	monitor.sh
	regex-test.txt
	script-consumer.sh

nothing added to commit but untracked files present
On branch master
Untracked files:
	.local.git.out
	monitor.sh
	regex-test.txt
	script-consumer.sh

nothing added to commit but untracked files present
On branch master
Untracked files:
	.local.git.out
	monitor.sh
	regex-test.txt
	script-consumer.sh

nothing added to commit but untracked files present
On branch master
Untracked files:
	.local.git.out
	monitor.sh
	regex-test.txt
	script-consumer.sh

nothing added to commit but untracked files present
On branch master
Untracked files:
	.local.git.out
	monitor.sh
	regex-test.txt
	script-consumer.sh

nothing added to commit but untracked files present
On branch master
Untracked files:
	.local.git.out
	monitor.sh
	regex-test.txt
	script-consumer.sh

nothing added to commit but untracked files present
On branch master
Untracked files:
	.local.git.out
	monitor.sh
	regex-test.txt
	script-consumer.sh

nothing added to commit but untracked files present
On branch master
Untracked files:
	.local.git.out
	monitor.sh
	regex-test.txt
	script-consumer.sh

nothing added to commit but untracked files present
On branch master
Untracked files:
	.local.git.out
	monitor.sh
	regex-test.txt
	script-consumer.sh

nothing added to commit but untracked files present
On branch master
Untracked files:
	.local.git.out
	monitor.sh
	regex-test.txt
	script-consumer.sh

nothing added to commit but untracked files present
On branch master
Untracked files:
	.local.git.out
	monitor.sh
	regex-test.txt
	script-consumer.sh

nothing added to commit but untracked files present
On branch master
Untracked files:
	.local.git.out
	monitor.sh
	regex-test.txt
	script-consumer.sh

nothing added to commit but untracked files present
[master 7d9f21c] Lab 2 commit
 1 file changed, 2 insertions(+), 1 deletion(-)
[master f636eef] Lab 2 commit
 1 file changed, 15 insertions(+), 100 deletions(-)
 rewrite pwcheck.sh (86%)
[master c3a7a03] Lab 2 commit
 1 file changed, 16 insertions(+)
[master a248420] Lab 2 commit
 1 file changed, 1 insertion(+), 1 deletion(-)
[master 3a9e120] Lab 2 commit
 1 file changed, 2 insertions(+), 2 deletions(-)
[master 91701e7] Lab 2 commit
 1 file changed, 19 insertions(+)
[master 5f05089] Lab 2 commit
 1 file changed, 1 deletion(-)
[master c6c149b] Lab 2 commit
 1 file changed, 2 insertions(+), 1 deletion(-)
[master caf4705] Lab 2 commit
 1 file changed, 2 insertions(+), 2 deletions(-)
[master f47c121] Lab 2 commit
 1 file changed, 1 insertion(+), 1 deletion(-)
[master 83e6a51] Lab 2 commit
 1 file changed, 1 insertion(+), 1 deletion(-)
[master b8cb26c] Lab 2 commit
 1 file changed, 1 insertion(+), 1 deletion(-)
[master 5059013] Lab 2 commit
 1 file changed, 2 insertions(+), 2 deletions(-)
[master 46bc9a4] Lab 2 commit
 1 file changed, 2 insertions(+), 2 deletions(-)
On branch master
Untracked files:
	.local.git.out
	monitor.sh
	regex-test.txt
	script-consumer.sh

nothing added to commit but untracked files present
On branch master
Untracked files:
	.local.git.out
	monitor.sh
	regex-test.txt
	script-consumer.sh

nothing added to commit but untracked files present
[master c22ea24] Lab 2 commit
 1 file changed, 4 insertions(+), 2 deletions(-)
On branch master
Untracked files:
	.local.git.out
	monitor.sh
	regex-test.txt
	script-consumer.sh

nothing added to commit but untracked files present
On branch master
Untracked files:
	.local.git.out
	monitor.sh
	regex-test.txt
	script-consumer.sh

nothing added to commit but untracked files present
On branch master
Untracked files:
	.local.git.out
	monitor.sh
	regex-test.txt
	script-consumer.sh

nothing added to commit but untracked files present
On branch master
Untracked files:
	.local.git.out
	monitor.sh
	regex-test.txt
	script-consumer.sh

nothing added to commit but untracked files present
On branch master
Untracked files:
	.local.git.out
	monitor.sh
	regex-test.txt
	script-consumer.sh

nothing added to commit but untracked files present
[master 55ccb75] Lab 2 commit
 1 file changed, 3 insertions(+), 3 deletions(-)
[master 7b29cf4] Lab 2 commit
 1 file changed, 2 insertions(+)
[master fd4d59c] Lab 2 commit
 1 file changed, 1 insertion(+), 1 deletion(-)
[master 04d7bef] Lab 2 commit
 1 file changed, 4 insertions(+), 2 deletions(-)
On branch master
Untracked files:
	.local.git.out
	monitor.sh
	regex-test.txt
	script-consumer.sh

nothing added to commit but untracked files present
On branch master
Untracked files:
	.local.git.out
	monitor.sh
	regex-test.txt
	script-consumer.sh

nothing added to commit but untracked files present
On branch master
Untracked files:
	.local.git.out
	monitor.sh
	regex-test.txt
	script-consumer.sh

nothing added to commit but untracked files present
On branch master
Untracked files:
	.local.git.out
	monitor.sh
	regex-test.txt
	script-consumer.sh

nothing added to commit but untracked files present
[master f166581] Lab 2 commit
 1 file changed, 56 insertions(+), 14 deletions(-)
[master b0115f5] Lab 2 commit
 1 file changed, 5 insertions(+)
On branch master
Untracked files:
	.local.git.out
	monitor.sh
	regex-test.txt
	script-consumer.sh

nothing added to commit but untracked files present
[master 24a0c61] Lab 2 commit
 1 file changed, 1 insertion(+), 1 deletion(-)
[master 752b245] Lab 2 commit
 1 file changed, 2 insertions(+)
[master 26f8cce] Lab 2 commit
 1 file changed, 6 insertions(+), 6 deletions(-)
[master 7d0040b] Lab 2 commit
 1 file changed, 6 insertions(+), 6 deletions(-)
On branch master
Untracked files:
	.local.git.out
	monitor.sh
	regex-test.txt
	script-consumer.sh

nothing added to commit but untracked files present
On branch master
Untracked files:
	.local.git.out
	monitor.sh
	regex-test.txt
	script-consumer.sh

nothing added to commit but untracked files present
On branch master
Untracked files:
	.local.git.out
	monitor.sh
	regex-test.txt
	script-consumer.sh

nothing added to commit but untracked files present
On branch master
Untracked files:
	.local.git.out
	monitor.sh
	regex-test.txt
	script-consumer.sh

nothing added to commit but untracked files present
On branch master
Untracked files:
	.local.git.out
	monitor.sh
	regex-test.txt
	script-consumer.sh

nothing added to commit but untracked files present
[master 62bc0d1] Lab 2 commit
 1 file changed, 18 insertions(+)
On branch master
Untracked files:
	.local.git.out
	monitor.sh
	regex-test.txt
	script-consumer.sh

nothing added to commit but untracked files present
On branch master
Untracked files:
	.local.git.out
	monitor.sh
	regex-test.txt
	script-consumer.sh

nothing added to commit but untracked files present
On branch master
Untracked files:
	.local.git.out
	monitor.sh
	regex-test.txt
	script-consumer.sh

nothing added to commit but untracked files present
On branch master
Untracked files:
	.local.git.out
	monitor.sh
	regex-test.txt
	script-consumer.sh

nothing added to commit but untracked files present
On branch master
Untracked files:
	.local.git.out
	monitor.sh
	regex-test.txt
	script-consumer.sh

nothing added to commit but untracked files present
On branch master
Untracked files:
	.local.git.out
	monitor.sh
	regex-test.txt
	script-consumer.sh

nothing added to commit but untracked files present
On branch master
Untracked files:
	.local.git.out
	monitor.sh
	regex-test.txt
	script-consumer.sh

nothing added to commit but untracked files present
On branch master
Untracked files:
	.local.git.out
	monitor.sh
	regex-test.txt
	script-consumer.sh

nothing added to commit but untracked files present
On branch master
Untracked files:
	.local.git.out
	monitor.sh
	regex-test.txt
	script-consumer.sh

nothing added to commit but untracked files present
On branch master
Untracked files:
	.local.git.out
	monitor.sh
	regex-test.txt
	script-consumer.sh

nothing added to commit but untracked files present
On branch master
Untracked files:
	.local.git.out
	monitor.sh
	regex-test.txt
	script-consumer.sh

nothing added to commit but untracked files present
On branch master
Untracked files:
	.local.git.out
	monitor.sh
	regex-test.txt
	script-consumer.sh

nothing added to commit but untracked files present
[master 7c0b8ae] Lab 2 commit
 1 file changed, 8 insertions(+), 8 deletions(-)
On branch master
Untracked files:
	.local.git.out
	monitor.sh
	regex-test.txt
	script-consumer.sh

nothing added to commit but untracked files present
On branch master
Untracked files:
	.local.git.out
	monitor.sh
	regex-test.txt
	script-consumer.sh

nothing added to commit but untracked files present
On branch master
Untracked files:
	.local.git.out
	monitor.sh
	regex-test.txt
	script-consumer.sh

nothing added to commit but untracked files present
On branch master
Untracked files:
	.local.git.out
	monitor.sh
	regex-test.txt
	script-consumer.sh

nothing added to commit but untracked files present
On branch master
Untracked files:
	.local.git.out
	monitor.sh
	regex-test.txt
	script-consumer.sh

nothing added to commit but untracked files present
On branch master
Untracked files:
	.local.git.out
	monitor.sh
	regex-test.txt
	script-consumer.sh

nothing added to commit but untracked files present
On branch master
Untracked files:
	.local.git.out
	monitor.sh
	regex-test.txt
	script-consumer.sh

nothing added to commit but untracked files present
On branch master
Untracked files:
	.local.git.out
	monitor.sh
	regex-test.txt
	script-consumer.sh

nothing added to commit but untracked files present
On branch master
Untracked files:
	.local.git.out
	monitor.sh
	regex-test.txt
	script-consumer.sh

nothing added to commit but untracked files present
On branch master
Untracked files:
	.local.git.out
	monitor.sh
	regex-test.txt
	script-consumer.sh

nothing added to commit but untracked files present
[master ec7710e] Lab 2 commit
 1 file changed, 27 insertions(+), 27 deletions(-)
On branch master
Untracked files:
	.local.git.out
	monitor.sh
	regex-test.txt
	script-consumer.sh

nothing added to commit but untracked files present
[master 444d4e3] Lab 2 commit
 1 file changed, 2 deletions(-)
[master d7efa07] Lab 2 commit
 1 file changed, 24 deletions(-)
[master f658c73] Lab 2 commit
 1 file changed, 9 insertions(+), 9 deletions(-)
[master a601501] Lab 2 commit
 1 file changed, 1 insertion(+), 1 deletion(-)
On branch master
Untracked files:
	.local.git.out
	monitor.sh
	regex-test.txt
	script-consumer.sh

nothing added to commit but untracked files present
[master c3678c8] Lab 2 commit
 1 file changed, 1 insertion(+), 1 deletion(-)
[master e433cc0] Lab 2 commit
 1 file changed, 1 deletion(-)
[master b9b084e] Lab 2 commit
 1 file changed, 1 insertion(+), 5 deletions(-)
[master c03c928] Lab 2 commit
 1 file changed, 4 insertions(+), 17 deletions(-)
[master c53e6d7] Lab 2 commit
 1 file changed, 1 insertion(+), 4 deletions(-)
[master 81ba531] Lab 2 commit
 1 file changed, 2 insertions(+)
[master 5208ccb] Lab 2 commit
 1 file changed, 1 insertion(+), 1 deletion(-)
[master c1c6595] Lab 2 commit
 1 file changed, 1 insertion(+), 1 deletion(-)
[master 94bbb63] Lab 2 commit
 1 file changed, 3 insertions(+), 1 deletion(-)
[master 47058d1] Lab 2 commit
 1 file changed, 1 insertion(+), 1 deletion(-)
[master 8e4c48d] Lab 2 commit
 1 file changed, 1 insertion(+), 1 deletion(-)
On branch master
Untracked files:
	.local.git.out
	monitor.sh
	regex-test.txt
	script-consumer.sh

nothing added to commit but untracked files present
[master 0dd2bd1] Lab 2 commit
 1 file changed, 1 insertion(+), 1 deletion(-)
On branch master
Untracked files:
	.local.git.out
	monitor.sh
	regex-test.txt
	script-consumer.sh

nothing added to commit but untracked files present
[master a2383df] Lab 2 commit
 1 file changed, 1 insertion(+), 1 deletion(-)
[master edb9a60] Lab 2 commit
 1 file changed, 1 insertion(+), 1 deletion(-)
[master 421f565] Lab 2 commit
 1 file changed, 1 insertion(+), 1 deletion(-)
On branch master
Untracked files:
	.local.git.out
	monitor.sh
	regex-test.txt
	script-consumer.sh

nothing added to commit but untracked files present
[master 88e178f] Lab 2 commit
 1 file changed, 9 insertions(+), 9 deletions(-)
[master 34b5e1c] Lab 2 commit
 1 file changed, 3 insertions(+), 3 deletions(-)
On branch master
Untracked files:
	.local.git.out
	monitor.sh
	regex-test.txt
	script-consumer.sh

nothing added to commit but untracked files present
[master 5fab22c] Lab 2 commit
 1 file changed, 2 insertions(+)
[master e1f3383] Lab 2 commit
 1 file changed, 1 insertion(+), 1 deletion(-)
[master f7e37aa] Lab 2 commit
 1 file changed, 1 insertion(+), 1 deletion(-)
[master 8224342] Lab 2 commit
 1 file changed, 2 insertions(+), 2 deletions(-)
[master 72b694f] Lab 2 commit
 1 file changed, 23 deletions(-)
[master 9f9d29a] Lab 2 commit
 1 file changed, 10 deletions(-)
[master 228a551] Lab 2 commit
 1 file changed, 8 insertions(+), 8 deletions(-)
[master de55a56] Lab 2 commit
 1 file changed, 10 insertions(+)
[master b80b9e0] Lab 2 commit
 1 file changed, 3 insertions(+), 3 deletions(-)
On branch master
Untracked files:
	.local.git.out
	monitor.sh
	regex-test.txt
	script-consumer.sh

nothing added to commit but untracked files present
[master 0c99018] Lab 2 commit
 1 file changed, 10 deletions(-)
[master e8f1efc] Lab 2 commit
 1 file changed, 9 insertions(+)
[master 8ec8a6f] Lab 2 commit
 1 file changed, 1 insertion(+), 1 deletion(-)
[master 3c736ce] Lab 2 commit
 1 file changed, 3 insertions(+), 3 deletions(-)
[master 3879985] Lab 2 commit
 1 file changed, 10 deletions(-)
[master be4d1f8] Lab 2 commit
 1 file changed, 10 insertions(+)
[master 3c778f6] Lab 2 commit
 1 file changed, 3 insertions(+), 3 deletions(-)
[master a159c9f] Lab 2 commit
 2 files changed, 164 insertions(+)
 create mode 100755 monitor.sh
[master 13f0d87] Lab 2 commit
 1 file changed, 1 insertion(+)
On branch master
Untracked files:
	.local.git.out
	regex-test.txt
	script-consumer.sh

nothing added to commit but untracked files present
On branch master
Untracked files:
	.local.git.out
	regex-test.txt
	script-consumer.sh

nothing added to commit but untracked files present
On branch master
Untracked files:
	.local.git.out
	regex-test.txt
	reports_dir/
	script-consumer.sh

nothing added to commit but untracked files present
On branch master
Untracked files:
	.local.git.out
	regex-test.txt
	reports_dir/
	script-consumer.sh

nothing added to commit but untracked files present
[master eb6eec4] Lab 2 commit
 1 file changed, 3 insertions(+), 3 deletions(-)
[master 0dc7c7c] Lab 2 commit
 1 file changed, 1 insertion(+), 1 deletion(-)
On branch master
Untracked files:
	.local.git.out
	.nfs000000000341c4ae0000018f
	regex-test.txt
	reports_dir/
	script-consumer.sh

nothing added to commit but untracked files present
[master 1754822] Lab 2 commit
 1 file changed, 1 insertion(+), 1 deletion(-)
[master b30ac18] Lab 2 commit
 1 file changed, 3 insertions(+), 3 deletions(-)
On branch master
Untracked files:
	.local.git.out
	.nfs000000000341c4ae0000018f
	regex-test.txt
	reports_dir/
	script-consumer.sh

nothing added to commit but untracked files present
On branch master
Untracked files:
	.local.git.out
	.nfs000000000341c4ae0000018f
	regex-test.txt
	reports_dir/
	script-consumer.sh

nothing added to commit but untracked files present
On branch master
Untracked files:
	.local.git.out
	.nfs000000000341c4ae0000018f
	regex-test.txt
	reports_dir/
	script-consumer.sh

nothing added to commit but untracked files present
[master 0421fa0] Lab 2 commit
 1 file changed, 2 insertions(+), 2 deletions(-)
On branch master
Untracked files:
	.local.git.out
	.nfs000000000341c4ae0000018f
	regex-test.txt
	reports_dir/
	script-consumer.sh

nothing added to commit but untracked files present
[master 3d8cec6] Lab 2 commit
 2 files changed, 5 insertions(+), 5 deletions(-)
On branch master
Untracked files:
	.local.git.out
	.nfs000000000341c4ae0000018f
	regex-test.txt
	reports_dir/
	script-consumer.sh

nothing added to commit but untracked files present
[master a7a443b] Lab 2 commit
 1 file changed, 4 insertions(+), 4 deletions(-)
On branch master
Untracked files:
	.local.git.out
	.nfs000000000341c4ae0000018f
	regex-test.txt
	reports_dir/
	script-consumer.sh

nothing added to commit but untracked files present
[master 159a23d] Lab 2 commit
 1 file changed, 4 insertions(+), 4 deletions(-)
[master ddf2f9e] Lab 2 commit
 1 file changed, 1 insertion(+), 5 deletions(-)
[master 8f05c93] Lab 2 commit
 1 file changed, 5 insertions(+), 1 deletion(-)
[master aba8b4e] Lab 2 commit
 1 file changed, 3 insertions(+), 3 deletions(-)
[master c892761] Lab 2 commit
 1 file changed, 1 insertion(+)
[master 69b16c0] Lab 2 commit
 1 file changed, 3 insertions(+)
[master 9f91de5] Lab 2 commit
 1 file changed, 1 insertion(+), 1 deletion(-)
[master 4f84f46] Lab 2 commit
 1 file changed, 1 insertion(+), 1 deletion(-)
[master 2a2f018] Lab 2 commit
 1 file changed, 1 insertion(+), 1 deletion(-)
[master 043b966] Lab 2 commit
 1 file changed, 4 insertions(+)
On branch master
Untracked files:
	.local.git.out
	.nfs000000000341c4ae0000018f
	regex-test.txt
	reports_dir/
	script-consumer.sh

nothing added to commit but untracked files present
[master c71f766] Lab 2 commit
 1 file changed, 4 insertions(+), 4 deletions(-)
On branch master
Untracked files:
	.local.git.out
	.nfs000000000341c4ae0000018f
	regex-test.txt
	reports_dir/
	script-consumer.sh

nothing added to commit but untracked files present
[master e371398] Lab 2 commit
 1 file changed, 11 insertions(+), 2 deletions(-)
[master f253fc7] Lab 2 commit
 1 file changed, 1 insertion(+), 1 deletion(-)
On branch master
Untracked files:
	.local.git.out
	.nfs000000000341c4ae0000018f
	regex-test.txt
	reports_dir/
	script-consumer.sh

nothing added to commit but untracked files present
[master 230823c] Lab 2 commit
 1 file changed, 1 insertion(+), 1 deletion(-)
On branch master
Untracked files:
	.local.git.out
	.nfs000000000341c4ae0000018f
	README
	regex-test.txt
	reports_dir/
	script-consumer.sh

nothing added to commit but untracked files present
On branch master
Untracked files:
	.local.git.out
	.nfs000000000341c4ae0000018f
	README
	regex-test.txt
	reports_dir/
	script-consumer.sh

nothing added to commit but untracked files present
[master 6aad5d9] Lab 2 commit
 1 file changed, 1 insertion(+), 1 deletion(-)
