CS240: lab5. cs240 Mon Mar 9 23:13:39 EDT 2015  Total:  -20 of 75

CS240: lab5. cs240 Mon Mar 9 23:15:07 EDT 2015  Total:  -20 of 75

CS240: lab5. cs240 Mon Mar 9 23:15:21 EDT 2015  Total:  55 of 75

CS240: lab5. cs240 Mon Mar 9 23:16:12 EDT 2015  Total:  55 of 75

CS240: lab5. cs240 Mon Mar 9 23:17:37 EDT 2015  Total:  75 of 75

CS240: lab5. cs240 Tue Mar 10 00:05:07 EDT 2015  Total:  100 of 100

CS240: lab5. cs240 Tue Mar 10 00:14:16 EDT 2015  Total:  0 of 100

CS240: lab5. cs240 Tue Mar 10 00:15:06 EDT 2015  Total:  0 of 100

CS240: lab5. cs240 Tue Mar 10 00:17:18 EDT 2015  Total:  0 of 100

CS240: lab5. sbassi Mon Mar 23 15:06:25 EDT 2015  Total:  0 of 100

CS240: lab5. sbassi Mon Mar 23 15:08:32 EDT 2015  Total:  5 of 100

CS240: lab5. sbassi Tue Mar 24 16:50:13 EDT 2015  Total:  5 of 100

CS240: lab5. sbassi Tue Mar 24 16:51:27 EDT 2015  Total:  10 of 100

CS240: lab5. sbassi Tue Mar 24 16:57:57 EDT 2015  Total:  15 of 100

CS240: lab5. sbassi Tue Mar 24 21:57:34 EDT 2015  Total:  15 of 100

CS240: lab5. sbassi Wed Mar 25 16:47:29 EDT 2015  Total:  15 of 100

CS240: lab5. sbassi Wed Mar 25 17:00:02 EDT 2015  Total:  15 of 100

CS240: lab5. sbassi Wed Mar 25 17:04:13 EDT 2015  Total:  15 of 100

CS240: lab5. sbassi Wed Mar 25 17:07:40 EDT 2015  Total:  15 of 100

CS240: lab5. sbassi Wed Mar 25 17:08:12 EDT 2015  Total:  40 of 100

CS240: lab5. sbassi Wed Mar 25 17:11:23 EDT 2015  Total:  40 of 100

CS240: lab5. sbassi Wed Mar 25 22:02:31 EDT 2015  Total:  40 of 100

CS240: lab5. sbassi Wed Mar 25 22:04:59 EDT 2015  Total:  40 of 100

CS240: lab5. sbassi Wed Mar 25 22:05:10 EDT 2015  Total:  40 of 100

CS240: lab5. sbassi Wed Mar 25 22:11:15 EDT 2015  Total:  40 of 100

CS240: lab5. sbassi Wed Mar 25 22:14:59 EDT 2015  Total:  40 of 100

CS240: lab5. sbassi Wed Mar 25 22:15:59 EDT 2015  Total:  40 of 100

CS240: lab5. sbassi Wed Mar 25 22:18:08 EDT 2015  Total:  40 of 100

CS240: lab5. sbassi Wed Mar 25 22:45:37 EDT 2015  Total:  40 of 100

CS240: lab5. sbassi Fri Mar 27 12:40:53 EDT 2015  Total:  40 of 100

CS240: lab5. sbassi Fri Mar 27 13:03:11 EDT 2015  Total:  40 of 100

CS240: lab5. sbassi Fri Mar 27 13:04:33 EDT 2015  Total:  40 of 100

CS240: lab5. sbassi Fri Mar 27 13:10:40 EDT 2015  Total:  45 of 100

CS240: lab5. sbassi Fri Mar 27 13:19:00 EDT 2015  Total:  45 of 100

CS240: lab5. sbassi Fri Mar 27 13:23:05 EDT 2015  Total:  45 of 100

CS240: lab5. sbassi Fri Mar 27 13:24:04 EDT 2015  Total:  45 of 100

CS240: lab5. sbassi Fri Mar 27 13:25:29 EDT 2015  Total:  50 of 100

CS240: lab5. sbassi Fri Mar 27 13:29:19 EDT 2015  Total:  50 of 100

CS240: lab5. sbassi Fri Mar 27 13:32:13 EDT 2015  Total:  50 of 100

CS240: lab5. sbassi Fri Mar 27 13:33:37 EDT 2015  Total:  55 of 100

CS240: lab5. sbassi Fri Mar 27 13:39:16 EDT 2015  Total:  55 of 100

CS240: lab5. sbassi Fri Mar 27 14:34:15 EDT 2015  Total:  55 of 100

CS240: lab5. sbassi Sat Mar 28 20:41:18 EDT 2015  Total:  55 of 100

CS240: lab5. sbassi Sat Mar 28 22:16:44 EDT 2015  Total:  55 of 140

CS240: lab5. sbassi Sat Mar 28 23:11:36 EDT 2015  Total:  55 of 140

CS240: lab5. sbassi Sat Mar 28 23:18:05 EDT 2015  Total:  65 of 140

CS240: lab5. sbassi Sun Mar 29 16:53:09 EDT 2015  Total:  65 of 140

CS240: lab5. sbassi Sun Mar 29 17:43:24 EDT 2015  Total:  65 of 140

CS240: lab5. sbassi Sun Mar 29 17:44:34 EDT 2015  Total:  65 of 140

CS240: lab5. sbassi Sun Mar 29 22:41:14 EDT 2015  Total:  65 of 140

CS240: lab5. sbassi Mon Mar 30 01:09:09 EDT 2015  Total:  90 of 140

CS240: lab5. sbassi Mon Mar 30 01:49:00 EDT 2015  Total:  90 of 140

CS240: lab5. sbassi Mon Mar 30 01:56:53 EDT 2015  Total:  90 of 140

CS240: lab5. sbassi Mon Mar 30 02:03:58 EDT 2015  Total:  90 of 140

CS240: lab5. sbassi Mon Mar 30 02:06:35 EDT 2015  Total:  90 of 140

CS240: lab5. sbassi Mon Mar 30 15:38:41 EDT 2015  Total:  90 of 140

CS240: lab5. sbassi Mon Mar 30 17:22:44 EDT 2015  Total:  90 of 140

CS240: lab5. sbassi Mon Mar 30 18:07:40 EDT 2015  Total:  90 of 140

CS240: lab5. sbassi Mon Mar 30 19:00:03 EDT 2015  Total:  98 of 140

CS240: lab5. sbassi Mon Mar 30 19:02:43 EDT 2015  Total:  102 of 140

CS240: lab5. sbassi Mon Mar 30 19:25:18 EDT 2015  Total:  102 of 140

CS240: lab5. sbassi Mon Mar 30 19:29:24 EDT 2015  Total:  102 of 140

CS240: lab5. sbassi Mon Mar 30 19:30:28 EDT 2015  Total:  106 of 140

CS240: lab5. sbassi Mon Mar 30 19:33:44 EDT 2015  Total:  106 of 140

CS240: lab5. sbassi Mon Mar 30 19:38:10 EDT 2015  Total:  106 of 140

CS240: lab5. sbassi Mon Mar 30 19:40:04 EDT 2015  Total:  106 of 140

CS240: lab5. sbassi Mon Mar 30 20:39:13 EDT 2015  Total:  122 of 140

CS240: lab5. sbassi Mon Mar 30 20:40:18 EDT 2015  Total:  126 of 140

CS240: lab5. sbassi Mon Mar 30 21:15:52 EDT 2015  Total:  126 of 140

CS240: lab5. sbassi Mon Mar 30 22:40:07 EDT 2015  Total:  136 of 140

CS240: lab5. sbassi Mon Mar 30 22:51:55 EDT 2015  Total:  140 of 140

CS240: lab5. sbassi Mon Mar 30 22:53:38 EDT 2015  Total:  140 of 140

CS240: lab5. sbassi Mon Mar 30 22:55:12 EDT 2015  Total:  140 of 140

CS240: lab5. sbassi Sun Apr 12 22:41:02 EDT 2015  Total:  140 of 140

