a 7
across 1
aired 1
alan 1
along 1
american 1
among 1
and 10
animation 1
ann 1
approach 1
are 1
as 2
astrophysicist 1
at 1
augmenting 1
back 1
backing 1
based 1
been 1
braga 1
brannon 1
bring 1
bringing 1
broadcast 1
broadcasting 1
but 1
by 5
calendar 1
carl 1
century 1
channel 1
clout 1
co 1
college 1
computer 1
concluded 1
considered 1
content 1
cosmic 1
cosmos 3
countries 1
creator 1
degrasse 1
developed 1
documentaries 1
documentary 1
dozens 1
druyan 1
elements 1
entire 1
episode 1
episodes 1
executive 1
extensive 1
extra 1
features 1
films 1
financial 1
follow 1
follows 1
footage 1
for 1
format 1
foundation 1
fox 3
generated 1
geographic 2
graphics 1
has 1
height 1
home 1
imagination 1
in 3
including 1
information 1
inspired 1
instrumental 1
internationally 1
investment 1
is 5
june 2
local 1
loosely 1
macfarlane 1
march 1
media 1
milestone 1
narration 1
national 2
neil 1
network 2
networks 1
next 1
night 1
odyssey 1
of 7
on 5
original 2
other 2
personal 1
premiered 1
presented 2
produced 1
producers 1
provides 1
public 1
rebroadcast 1
rebroadcasting 1
release 1
remainder 1
s 1
sagan 3
same 1
science 2
scientific 2
score 1
series 12
service 1
seth 1
ship 1
show 4
silvestri 1
simultaneously 1
since 1
spacetime 1
st 1
stations 1
storytelling 1
student 1
such 1
television 5
ten 1
that 1
the 30
thirteen 1
this 1
to 4
tyson 1
up 1
updated 1
us 1
used 1
voyage 1
was 3
were 1
which 1
who 1
whose 1
widow 1
with 4
young 1
