d:\projects\lab1-src\waveedit\waveedit\debug\waveedit.pch
d:\projects\lab1-src\waveedit\waveedit\debug\vc140.pdb
d:\projects\lab1-src\waveedit\waveedit\debug\vc140.idb
d:\projects\lab1-src\waveedit\waveedit\debug\stdafx.obj
d:\projects\lab1-src\waveedit\waveedit\debug\childfrm.obj
d:\projects\lab1-src\waveedit\waveedit\debug\mainfrm.obj
d:\projects\lab1-src\waveedit\waveedit\debug\waveedit.obj
d:\projects\lab1-src\waveedit\waveedit\debug\waveeditdoc.obj
d:\projects\lab1-src\waveedit\waveedit\debug\waveeditview.obj
d:\projects\lab1-src\waveedit\waveedit\debug\wavefile.obj
d:\projects\lab1-src\waveedit\debug\waveedit.ilk
d:\projects\lab1-src\waveedit\debug\waveedit.exe
d:\projects\lab1-src\waveedit\debug\waveedit.pdb
d:\projects\lab1-src\waveedit\waveedit\debug\waveedit.res
d:\projects\lab1-src\waveedit\waveedit\debug\waveedit.tlog\cl.command.1.tlog
d:\projects\lab1-src\waveedit\waveedit\debug\waveedit.tlog\cl.read.1.tlog
d:\projects\lab1-src\waveedit\waveedit\debug\waveedit.tlog\cl.write.1.tlog
d:\projects\lab1-src\waveedit\waveedit\debug\waveedit.tlog\link.command.1.tlog
d:\projects\lab1-src\waveedit\waveedit\debug\waveedit.tlog\link.read.1.tlog
d:\projects\lab1-src\waveedit\waveedit\debug\waveedit.tlog\link.write.1.tlog
d:\projects\lab1-src\waveedit\waveedit\debug\waveedit.tlog\rc.command.1.tlog
d:\projects\lab1-src\waveedit\waveedit\debug\waveedit.tlog\rc.read.1.tlog
d:\projects\lab1-src\waveedit\waveedit\debug\waveedit.tlog\rc.write.1.tlog
