[master (root-commit) 48e4635] Commit Web Server
 5 files changed, 389 insertions(+)
 create mode 100755 daytime-client.cc
 create mode 100644 daytime-server.cc
 create mode 100755 hello.cc
 create mode 100755 http-root-dir/cgi-src/util.h
 create mode 100755 use-dlopen.cc
[master (root-commit) dbe6c81] Commit Web Server
 5 files changed, 389 insertions(+)
 create mode 100755 daytime-client.cc
 create mode 100644 daytime-server.cc
 create mode 100755 hello.cc
 create mode 100755 http-root-dir/cgi-src/util.h
 create mode 100755 use-dlopen.cc
On branch master
Untracked files:
	.local.git.out
	Makefile
	daytime-client
	daytime-client.o
	daytime-server
	daytime-server.o
	hello.o
	hello.so
	http-root-dir/cgi-bin/
	http-root-dir/cgi-src/Makefile
	http-root-dir/cgi-src/change-passwd.c
	http-root-dir/cgi-src/imagemap.c
	http-root-dir/cgi-src/imagemap.o
	http-root-dir/cgi-src/jj.c
	http-root-dir/cgi-src/jj.o
	http-root-dir/cgi-src/phf.c
	http-root-dir/cgi-src/phf.o
	http-root-dir/cgi-src/post-query.c
	http-root-dir/cgi-src/post-query.o
	http-root-dir/cgi-src/query.c
	http-root-dir/cgi-src/query.o
	http-root-dir/cgi-src/util.c
	http-root-dir/cgi-src/util.o
	http-root-dir/htdocs/
	http-root-dir/icons/
	myhttpd
	myhttpd.cpp
	myhttpd.o
	use-dlopen
	use-dlopen.o

nothing added to commit but untracked files present
On branch master
Untracked files:
	.local.git.out
	Makefile
	daytime-client
	daytime-client.o
	daytime-server
	daytime-server.o
	hello.o
	hello.so
	http-root-dir/cgi-bin/
	http-root-dir/cgi-src/Makefile
	http-root-dir/cgi-src/change-passwd.c
	http-root-dir/cgi-src/imagemap.c
	http-root-dir/cgi-src/imagemap.o
	http-root-dir/cgi-src/jj.c
	http-root-dir/cgi-src/jj.o
	http-root-dir/cgi-src/phf.c
	http-root-dir/cgi-src/phf.o
	http-root-dir/cgi-src/post-query.c
	http-root-dir/cgi-src/post-query.o
	http-root-dir/cgi-src/query.c
	http-root-dir/cgi-src/query.o
	http-root-dir/cgi-src/util.c
	http-root-dir/cgi-src/util.o
	http-root-dir/htdocs/
	http-root-dir/icons/
	myhttpd
	myhttpd.cpp
	myhttpd.o
	use-dlopen
	use-dlopen.o

nothing added to commit but untracked files present
On branch master
Untracked files:
	.local.git.out
	Makefile
	daytime-client
	daytime-client.o
	daytime-server
	daytime-server.o
	hello.o
	hello.so
	http-root-dir/cgi-bin/
	http-root-dir/cgi-src/Makefile
	http-root-dir/cgi-src/change-passwd.c
	http-root-dir/cgi-src/imagemap.c
	http-root-dir/cgi-src/imagemap.o
	http-root-dir/cgi-src/jj.c
	http-root-dir/cgi-src/jj.o
	http-root-dir/cgi-src/phf.c
	http-root-dir/cgi-src/phf.o
	http-root-dir/cgi-src/post-query.c
	http-root-dir/cgi-src/post-query.o
	http-root-dir/cgi-src/query.c
	http-root-dir/cgi-src/query.o
	http-root-dir/cgi-src/util.c
	http-root-dir/cgi-src/util.o
	http-root-dir/htdocs/
	http-root-dir/icons/
	myhttpd
	myhttpd.cpp
	myhttpd.o
	use-dlopen
	use-dlopen.o

nothing added to commit but untracked files present
On branch master
Untracked files:
	.local.git.out
	Makefile
	daytime-client
	daytime-client.o
	daytime-server
	daytime-server.o
	hello.o
	hello.so
	http-root-dir/cgi-bin/
	http-root-dir/cgi-src/Makefile
	http-root-dir/cgi-src/change-passwd.c
	http-root-dir/cgi-src/imagemap.c
	http-root-dir/cgi-src/imagemap.o
	http-root-dir/cgi-src/jj.c
	http-root-dir/cgi-src/jj.o
	http-root-dir/cgi-src/phf.c
	http-root-dir/cgi-src/phf.o
	http-root-dir/cgi-src/post-query.c
	http-root-dir/cgi-src/post-query.o
	http-root-dir/cgi-src/query.c
	http-root-dir/cgi-src/query.o
	http-root-dir/cgi-src/util.c
	http-root-dir/cgi-src/util.o
	http-root-dir/htdocs/
	http-root-dir/icons/
	myhttpd
	myhttpd.cpp
	myhttpd.o
	use-dlopen
	use-dlopen.o

nothing added to commit but untracked files present
On branch master
Untracked files:
	.local.git.out
	Makefile
	daytime-client
	daytime-client.o
	daytime-server
	daytime-server.o
	hello.o
	hello.so
	http-root-dir/cgi-bin/
	http-root-dir/cgi-src/Makefile
	http-root-dir/cgi-src/change-passwd.c
	http-root-dir/cgi-src/imagemap.c
	http-root-dir/cgi-src/imagemap.o
	http-root-dir/cgi-src/jj.c
	http-root-dir/cgi-src/jj.o
	http-root-dir/cgi-src/phf.c
	http-root-dir/cgi-src/phf.o
	http-root-dir/cgi-src/post-query.c
	http-root-dir/cgi-src/post-query.o
	http-root-dir/cgi-src/query.c
	http-root-dir/cgi-src/query.o
	http-root-dir/cgi-src/util.c
	http-root-dir/cgi-src/util.o
	http-root-dir/htdocs/
	http-root-dir/icons/
	myhttpd
	myhttpd.cpp
	myhttpd.o
	use-dlopen
	use-dlopen.o

nothing added to commit but untracked files present
On branch master
Untracked files:
	.local.git.out
	Makefile
	daytime-client
	daytime-client.o
	daytime-server
	daytime-server.o
	hello.o
	hello.so
	http-root-dir/cgi-bin/
	http-root-dir/cgi-src/Makefile
	http-root-dir/cgi-src/change-passwd.c
	http-root-dir/cgi-src/imagemap.c
	http-root-dir/cgi-src/imagemap.o
	http-root-dir/cgi-src/jj.c
	http-root-dir/cgi-src/jj.o
	http-root-dir/cgi-src/phf.c
	http-root-dir/cgi-src/phf.o
	http-root-dir/cgi-src/post-query.c
	http-root-dir/cgi-src/post-query.o
	http-root-dir/cgi-src/query.c
	http-root-dir/cgi-src/query.o
	http-root-dir/cgi-src/util.c
	http-root-dir/cgi-src/util.o
	http-root-dir/htdocs/
	http-root-dir/icons/
	myhttpd
	myhttpd.cpp
	myhttpd.o
	use-dlopen
	use-dlopen.o

nothing added to commit but untracked files present
On branch master
Untracked files:
	.local.git.out
	Makefile
	daytime-client
	daytime-client.o
	daytime-server
	daytime-server.o
	hello.o
	hello.so
	http-root-dir/cgi-bin/
	http-root-dir/cgi-src/Makefile
	http-root-dir/cgi-src/change-passwd.c
	http-root-dir/cgi-src/imagemap.c
	http-root-dir/cgi-src/imagemap.o
	http-root-dir/cgi-src/jj.c
	http-root-dir/cgi-src/jj.o
	http-root-dir/cgi-src/phf.c
	http-root-dir/cgi-src/phf.o
	http-root-dir/cgi-src/post-query.c
	http-root-dir/cgi-src/post-query.o
	http-root-dir/cgi-src/query.c
	http-root-dir/cgi-src/query.o
	http-root-dir/cgi-src/util.c
	http-root-dir/cgi-src/util.o
	http-root-dir/htdocs/
	http-root-dir/icons/
	myhttpd
	myhttpd.cpp
	myhttpd.o
	use-dlopen
	use-dlopen.o

nothing added to commit but untracked files present
On branch master
Untracked files:
	.local.git.out
	Makefile
	daytime-client
	daytime-client.o
	daytime-server
	daytime-server.o
	hello.o
	hello.so
	http-root-dir/cgi-bin/
	http-root-dir/cgi-src/Makefile
	http-root-dir/cgi-src/change-passwd.c
	http-root-dir/cgi-src/imagemap.c
	http-root-dir/cgi-src/imagemap.o
	http-root-dir/cgi-src/jj.c
	http-root-dir/cgi-src/jj.o
	http-root-dir/cgi-src/phf.c
	http-root-dir/cgi-src/phf.o
	http-root-dir/cgi-src/post-query.c
	http-root-dir/cgi-src/post-query.o
	http-root-dir/cgi-src/query.c
	http-root-dir/cgi-src/query.o
	http-root-dir/cgi-src/util.c
	http-root-dir/cgi-src/util.o
	http-root-dir/htdocs/
	http-root-dir/icons/
	myhttpd
	myhttpd.cpp
	myhttpd.o
	use-dlopen
	use-dlopen.o

nothing added to commit but untracked files present
On branch master
Untracked files:
	.local.git.out
	Makefile
	daytime-client
	daytime-client.o
	daytime-server
	daytime-server.o
	hello.o
	hello.so
	http-root-dir/cgi-bin/
	http-root-dir/cgi-src/Makefile
	http-root-dir/cgi-src/change-passwd.c
	http-root-dir/cgi-src/imagemap.c
	http-root-dir/cgi-src/imagemap.o
	http-root-dir/cgi-src/jj.c
	http-root-dir/cgi-src/jj.o
	http-root-dir/cgi-src/phf.c
	http-root-dir/cgi-src/phf.o
	http-root-dir/cgi-src/post-query.c
	http-root-dir/cgi-src/post-query.o
	http-root-dir/cgi-src/query.c
	http-root-dir/cgi-src/query.o
	http-root-dir/cgi-src/util.c
	http-root-dir/cgi-src/util.o
	http-root-dir/htdocs/
	http-root-dir/icons/
	myhttpd
	myhttpd.cpp
	myhttpd.o
	use-dlopen
	use-dlopen.o

nothing added to commit but untracked files present
On branch master
Untracked files:
	.local.git.out
	Makefile
	daytime-client
	daytime-client.o
	daytime-server
	daytime-server.o
	hello.o
	hello.so
	http-root-dir/cgi-bin/
	http-root-dir/cgi-src/Makefile
	http-root-dir/cgi-src/change-passwd.c
	http-root-dir/cgi-src/imagemap.c
	http-root-dir/cgi-src/imagemap.o
	http-root-dir/cgi-src/jj.c
	http-root-dir/cgi-src/jj.o
	http-root-dir/cgi-src/phf.c
	http-root-dir/cgi-src/phf.o
	http-root-dir/cgi-src/post-query.c
	http-root-dir/cgi-src/post-query.o
	http-root-dir/cgi-src/query.c
	http-root-dir/cgi-src/query.o
	http-root-dir/cgi-src/util.c
	http-root-dir/cgi-src/util.o
	http-root-dir/htdocs/
	http-root-dir/icons/
	myhttpd
	myhttpd.cpp
	myhttpd.o
	use-dlopen
	use-dlopen.o

nothing added to commit but untracked files present
On branch master
Untracked files:
	.local.git.out
	Makefile
	daytime-client
	daytime-client.o
	daytime-server
	daytime-server.o
	hello.o
	hello.so
	http-root-dir/cgi-bin/
	http-root-dir/cgi-src/Makefile
	http-root-dir/cgi-src/change-passwd.c
	http-root-dir/cgi-src/imagemap.c
	http-root-dir/cgi-src/imagemap.o
	http-root-dir/cgi-src/jj.c
	http-root-dir/cgi-src/jj.o
	http-root-dir/cgi-src/phf.c
	http-root-dir/cgi-src/phf.o
	http-root-dir/cgi-src/post-query.c
	http-root-dir/cgi-src/post-query.o
	http-root-dir/cgi-src/query.c
	http-root-dir/cgi-src/query.o
	http-root-dir/cgi-src/util.c
	http-root-dir/cgi-src/util.o
	http-root-dir/htdocs/
	http-root-dir/icons/
	myhttpd
	myhttpd.cpp
	myhttpd.o
	use-dlopen
	use-dlopen.o

nothing added to commit but untracked files present
On branch master
Untracked files:
	.local.git.out
	Makefile
	daytime-client
	daytime-client.o
	daytime-server
	daytime-server.o
	hello.o
	hello.so
	http-root-dir/cgi-bin/
	http-root-dir/cgi-src/Makefile
	http-root-dir/cgi-src/change-passwd.c
	http-root-dir/cgi-src/imagemap.c
	http-root-dir/cgi-src/imagemap.o
	http-root-dir/cgi-src/jj.c
	http-root-dir/cgi-src/jj.o
	http-root-dir/cgi-src/phf.c
	http-root-dir/cgi-src/phf.o
	http-root-dir/cgi-src/post-query.c
	http-root-dir/cgi-src/post-query.o
	http-root-dir/cgi-src/query.c
	http-root-dir/cgi-src/query.o
	http-root-dir/cgi-src/util.c
	http-root-dir/cgi-src/util.o
	http-root-dir/htdocs/
	http-root-dir/icons/
	myhttpd
	myhttpd.cpp
	myhttpd.o
	use-dlopen
	use-dlopen.o

nothing added to commit but untracked files present
On branch master
Untracked files:
	.local.git.out
	Makefile
	daytime-client
	daytime-client.o
	daytime-server
	daytime-server.o
	hello.o
	hello.so
	http-root-dir/cgi-bin/
	http-root-dir/cgi-src/Makefile
	http-root-dir/cgi-src/change-passwd.c
	http-root-dir/cgi-src/imagemap.c
	http-root-dir/cgi-src/imagemap.o
	http-root-dir/cgi-src/jj.c
	http-root-dir/cgi-src/jj.o
	http-root-dir/cgi-src/phf.c
	http-root-dir/cgi-src/phf.o
	http-root-dir/cgi-src/post-query.c
	http-root-dir/cgi-src/post-query.o
	http-root-dir/cgi-src/query.c
	http-root-dir/cgi-src/query.o
	http-root-dir/cgi-src/util.c
	http-root-dir/cgi-src/util.o
	http-root-dir/htdocs/
	http-root-dir/icons/
	myhttpd
	myhttpd.cpp
	myhttpd.o
	use-dlopen
	use-dlopen.o

nothing added to commit but untracked files present
On branch master
Untracked files:
	.local.git.out
	Makefile
	daytime-client
	daytime-client.o
	daytime-server
	daytime-server.o
	hello.o
	hello.so
	http-root-dir/cgi-bin/
	http-root-dir/cgi-src/Makefile
	http-root-dir/cgi-src/change-passwd.c
	http-root-dir/cgi-src/imagemap.c
	http-root-dir/cgi-src/imagemap.o
	http-root-dir/cgi-src/jj.c
	http-root-dir/cgi-src/jj.o
	http-root-dir/cgi-src/phf.c
	http-root-dir/cgi-src/phf.o
	http-root-dir/cgi-src/post-query.c
	http-root-dir/cgi-src/post-query.o
	http-root-dir/cgi-src/query.c
	http-root-dir/cgi-src/query.o
	http-root-dir/cgi-src/util.c
	http-root-dir/cgi-src/util.o
	http-root-dir/htdocs/
	http-root-dir/icons/
	myhttpd
	myhttpd.cpp
	myhttpd.o
	use-dlopen
	use-dlopen.o

nothing added to commit but untracked files present
On branch master
Untracked files:
	.local.git.out
	Makefile
	daytime-client
	daytime-client.o
	daytime-server
	daytime-server.o
	hello.o
	hello.so
	http-root-dir/cgi-bin/
	http-root-dir/cgi-src/Makefile
	http-root-dir/cgi-src/change-passwd.c
	http-root-dir/cgi-src/imagemap.c
	http-root-dir/cgi-src/imagemap.o
	http-root-dir/cgi-src/jj.c
	http-root-dir/cgi-src/jj.o
	http-root-dir/cgi-src/phf.c
	http-root-dir/cgi-src/phf.o
	http-root-dir/cgi-src/post-query.c
	http-root-dir/cgi-src/post-query.o
	http-root-dir/cgi-src/query.c
	http-root-dir/cgi-src/query.o
	http-root-dir/cgi-src/util.c
	http-root-dir/cgi-src/util.o
	http-root-dir/htdocs/
	http-root-dir/icons/
	myhttpd
	myhttpd.cpp
	myhttpd.o
	use-dlopen
	use-dlopen.o

nothing added to commit but untracked files present
On branch master
Untracked files:
	.local.git.out
	Makefile
	daytime-client
	daytime-client.o
	daytime-server
	daytime-server.o
	hello.o
	hello.so
	http-root-dir/cgi-bin/
	http-root-dir/cgi-src/Makefile
	http-root-dir/cgi-src/change-passwd.c
	http-root-dir/cgi-src/imagemap.c
	http-root-dir/cgi-src/imagemap.o
	http-root-dir/cgi-src/jj.c
	http-root-dir/cgi-src/jj.o
	http-root-dir/cgi-src/phf.c
	http-root-dir/cgi-src/phf.o
	http-root-dir/cgi-src/post-query.c
	http-root-dir/cgi-src/post-query.o
	http-root-dir/cgi-src/query.c
	http-root-dir/cgi-src/query.o
	http-root-dir/cgi-src/util.c
	http-root-dir/cgi-src/util.o
	http-root-dir/htdocs/
	http-root-dir/icons/
	myhttpd
	myhttpd.cpp
	myhttpd.o
	use-dlopen
	use-dlopen.o

nothing added to commit but untracked files present
On branch master
Untracked files:
	.local.git.out
	Makefile
	daytime-client
	daytime-client.o
	daytime-server
	daytime-server.o
	hello.o
	hello.so
	http-root-dir/cgi-bin/
	http-root-dir/cgi-src/Makefile
	http-root-dir/cgi-src/change-passwd.c
	http-root-dir/cgi-src/imagemap.c
	http-root-dir/cgi-src/imagemap.o
	http-root-dir/cgi-src/jj.c
	http-root-dir/cgi-src/jj.o
	http-root-dir/cgi-src/phf.c
	http-root-dir/cgi-src/phf.o
	http-root-dir/cgi-src/post-query.c
	http-root-dir/cgi-src/post-query.o
	http-root-dir/cgi-src/query.c
	http-root-dir/cgi-src/query.o
	http-root-dir/cgi-src/util.c
	http-root-dir/cgi-src/util.o
	http-root-dir/htdocs/
	http-root-dir/icons/
	myhttpd
	myhttpd.cpp
	myhttpd.o
	use-dlopen
	use-dlopen.o

nothing added to commit but untracked files present
On branch master
Untracked files:
	.local.git.out
	Makefile
	daytime-client
	daytime-client.o
	daytime-server
	daytime-server.o
	hello.o
	hello.so
	http-root-dir/cgi-bin/
	http-root-dir/cgi-src/Makefile
	http-root-dir/cgi-src/change-passwd.c
	http-root-dir/cgi-src/imagemap.c
	http-root-dir/cgi-src/imagemap.o
	http-root-dir/cgi-src/jj.c
	http-root-dir/cgi-src/jj.o
	http-root-dir/cgi-src/phf.c
	http-root-dir/cgi-src/phf.o
	http-root-dir/cgi-src/post-query.c
	http-root-dir/cgi-src/post-query.o
	http-root-dir/cgi-src/query.c
	http-root-dir/cgi-src/query.o
	http-root-dir/cgi-src/util.c
	http-root-dir/cgi-src/util.o
	http-root-dir/htdocs/
	http-root-dir/icons/
	myhttpd
	myhttpd.cpp
	myhttpd.o
	use-dlopen
	use-dlopen.o

nothing added to commit but untracked files present
On branch master
Untracked files:
	.local.git.out
	Makefile
	daytime-client
	daytime-client.o
	daytime-server
	daytime-server.o
	hello.o
	hello.so
	http-root-dir/cgi-bin/
	http-root-dir/cgi-src/Makefile
	http-root-dir/cgi-src/change-passwd.c
	http-root-dir/cgi-src/imagemap.c
	http-root-dir/cgi-src/imagemap.o
	http-root-dir/cgi-src/jj.c
	http-root-dir/cgi-src/jj.o
	http-root-dir/cgi-src/phf.c
	http-root-dir/cgi-src/phf.o
	http-root-dir/cgi-src/post-query.c
	http-root-dir/cgi-src/post-query.o
	http-root-dir/cgi-src/query.c
	http-root-dir/cgi-src/query.o
	http-root-dir/cgi-src/util.c
	http-root-dir/cgi-src/util.o
	http-root-dir/htdocs/
	http-root-dir/icons/
	myhttpd
	myhttpd.cpp
	myhttpd.o
	use-dlopen
	use-dlopen.o

nothing added to commit but untracked files present
On branch master
Untracked files:
	.local.git.out
	Makefile
	daytime-client
	daytime-client.o
	daytime-server
	daytime-server.o
	hello.o
	hello.so
	http-root-dir/cgi-bin/
	http-root-dir/cgi-src/Makefile
	http-root-dir/cgi-src/change-passwd.c
	http-root-dir/cgi-src/imagemap.c
	http-root-dir/cgi-src/imagemap.o
	http-root-dir/cgi-src/jj.c
	http-root-dir/cgi-src/jj.o
	http-root-dir/cgi-src/phf.c
	http-root-dir/cgi-src/phf.o
	http-root-dir/cgi-src/post-query.c
	http-root-dir/cgi-src/post-query.o
	http-root-dir/cgi-src/query.c
	http-root-dir/cgi-src/query.o
	http-root-dir/cgi-src/util.c
	http-root-dir/cgi-src/util.o
	http-root-dir/htdocs/
	http-root-dir/icons/
	myhttpd
	myhttpd.cpp
	myhttpd.o
	use-dlopen
	use-dlopen.o

nothing added to commit but untracked files present
On branch master
Untracked files:
	.local.git.out
	Makefile
	daytime-client
	daytime-client.o
	daytime-server
	daytime-server.o
	hello.o
	hello.so
	http-root-dir/cgi-bin/
	http-root-dir/cgi-src/Makefile
	http-root-dir/cgi-src/change-passwd.c
	http-root-dir/cgi-src/imagemap.c
	http-root-dir/cgi-src/imagemap.o
	http-root-dir/cgi-src/jj.c
	http-root-dir/cgi-src/jj.o
	http-root-dir/cgi-src/phf.c
	http-root-dir/cgi-src/phf.o
	http-root-dir/cgi-src/post-query.c
	http-root-dir/cgi-src/post-query.o
	http-root-dir/cgi-src/query.c
	http-root-dir/cgi-src/query.o
	http-root-dir/cgi-src/util.c
	http-root-dir/cgi-src/util.o
	http-root-dir/htdocs/
	http-root-dir/icons/
	myhttpd
	myhttpd.cpp
	myhttpd.o
	use-dlopen
	use-dlopen.o

nothing added to commit but untracked files present
On branch master
Untracked files:
	.local.git.out
	Makefile
	daytime-client
	daytime-client.o
	daytime-server
	daytime-server.o
	hello.o
	hello.so
	http-root-dir/cgi-bin/
	http-root-dir/cgi-src/Makefile
	http-root-dir/cgi-src/change-passwd.c
	http-root-dir/cgi-src/imagemap.c
	http-root-dir/cgi-src/imagemap.o
	http-root-dir/cgi-src/jj.c
	http-root-dir/cgi-src/jj.o
	http-root-dir/cgi-src/phf.c
	http-root-dir/cgi-src/phf.o
	http-root-dir/cgi-src/post-query.c
	http-root-dir/cgi-src/post-query.o
	http-root-dir/cgi-src/query.c
	http-root-dir/cgi-src/query.o
	http-root-dir/cgi-src/util.c
	http-root-dir/cgi-src/util.o
	http-root-dir/htdocs/
	http-root-dir/icons/
	myhttpd
	myhttpd.cpp
	myhttpd.o
	use-dlopen
	use-dlopen.o

nothing added to commit but untracked files present
On branch master
Untracked files:
	.local.git.out
	Makefile
	daytime-client
	daytime-client.o
	daytime-server
	daytime-server.o
	hello.o
	hello.so
	http-root-dir/cgi-bin/
	http-root-dir/cgi-src/Makefile
	http-root-dir/cgi-src/change-passwd.c
	http-root-dir/cgi-src/imagemap.c
	http-root-dir/cgi-src/imagemap.o
	http-root-dir/cgi-src/jj.c
	http-root-dir/cgi-src/jj.o
	http-root-dir/cgi-src/phf.c
	http-root-dir/cgi-src/phf.o
	http-root-dir/cgi-src/post-query.c
	http-root-dir/cgi-src/post-query.o
	http-root-dir/cgi-src/query.c
	http-root-dir/cgi-src/query.o
	http-root-dir/cgi-src/util.c
	http-root-dir/cgi-src/util.o
	http-root-dir/htdocs/
	http-root-dir/icons/
	myhttpd
	myhttpd.cpp
	myhttpd.o
	use-dlopen
	use-dlopen.o

nothing added to commit but untracked files present
On branch master
Untracked files:
	.local.git.out
	Makefile
	daytime-client
	daytime-client.o
	daytime-server
	daytime-server.o
	hello.o
	hello.so
	http-root-dir/cgi-bin/
	http-root-dir/cgi-src/Makefile
	http-root-dir/cgi-src/change-passwd.c
	http-root-dir/cgi-src/imagemap.c
	http-root-dir/cgi-src/imagemap.o
	http-root-dir/cgi-src/jj.c
	http-root-dir/cgi-src/jj.o
	http-root-dir/cgi-src/phf.c
	http-root-dir/cgi-src/phf.o
	http-root-dir/cgi-src/post-query.c
	http-root-dir/cgi-src/post-query.o
	http-root-dir/cgi-src/query.c
	http-root-dir/cgi-src/query.o
	http-root-dir/cgi-src/util.c
	http-root-dir/cgi-src/util.o
	http-root-dir/htdocs/
	http-root-dir/icons/
	myhttpd
	myhttpd.cpp
	myhttpd.o
	use-dlopen
	use-dlopen.o

nothing added to commit but untracked files present
On branch master
Untracked files:
	.local.git.out
	Makefile
	daytime-client
	daytime-client.o
	daytime-server
	daytime-server.o
	hello.o
	hello.so
	http-root-dir/cgi-bin/
	http-root-dir/cgi-src/Makefile
	http-root-dir/cgi-src/change-passwd.c
	http-root-dir/cgi-src/imagemap.c
	http-root-dir/cgi-src/imagemap.o
	http-root-dir/cgi-src/jj.c
	http-root-dir/cgi-src/jj.o
	http-root-dir/cgi-src/phf.c
	http-root-dir/cgi-src/phf.o
	http-root-dir/cgi-src/post-query.c
	http-root-dir/cgi-src/post-query.o
	http-root-dir/cgi-src/query.c
	http-root-dir/cgi-src/query.o
	http-root-dir/cgi-src/util.c
	http-root-dir/cgi-src/util.o
	http-root-dir/htdocs/
	http-root-dir/icons/
	myhttpd
	myhttpd.cpp
	myhttpd.o
	use-dlopen
	use-dlopen.o

nothing added to commit but untracked files present
On branch master
Untracked files:
	.local.git.out
	Makefile
	daytime-client
	daytime-client.o
	daytime-server
	daytime-server.o
	hello.o
	hello.so
	http-root-dir/cgi-bin/
	http-root-dir/cgi-src/Makefile
	http-root-dir/cgi-src/change-passwd.c
	http-root-dir/cgi-src/imagemap.c
	http-root-dir/cgi-src/imagemap.o
	http-root-dir/cgi-src/jj.c
	http-root-dir/cgi-src/jj.o
	http-root-dir/cgi-src/phf.c
	http-root-dir/cgi-src/phf.o
	http-root-dir/cgi-src/post-query.c
	http-root-dir/cgi-src/post-query.o
	http-root-dir/cgi-src/query.c
	http-root-dir/cgi-src/query.o
	http-root-dir/cgi-src/util.c
	http-root-dir/cgi-src/util.o
	http-root-dir/htdocs/
	http-root-dir/icons/
	myhttpd
	myhttpd.cpp
	myhttpd.o
	use-dlopen
	use-dlopen.o

nothing added to commit but untracked files present
On branch master
Untracked files:
	.local.git.out
	Makefile
	daytime-client
	daytime-client.o
	daytime-server
	daytime-server.o
	hello.o
	hello.so
	http-root-dir/cgi-bin/
	http-root-dir/cgi-src/Makefile
	http-root-dir/cgi-src/change-passwd.c
	http-root-dir/cgi-src/imagemap.c
	http-root-dir/cgi-src/imagemap.o
	http-root-dir/cgi-src/jj.c
	http-root-dir/cgi-src/jj.o
	http-root-dir/cgi-src/phf.c
	http-root-dir/cgi-src/phf.o
	http-root-dir/cgi-src/post-query.c
	http-root-dir/cgi-src/post-query.o
	http-root-dir/cgi-src/query.c
	http-root-dir/cgi-src/query.o
	http-root-dir/cgi-src/util.c
	http-root-dir/cgi-src/util.o
	http-root-dir/htdocs/
	http-root-dir/icons/
	myhttpd
	myhttpd.cpp
	myhttpd.o
	use-dlopen
	use-dlopen.o

nothing added to commit but untracked files present
On branch master
Untracked files:
	.local.git.out
	Makefile
	daytime-client
	daytime-client.o
	daytime-server
	daytime-server.o
	hello.o
	hello.so
	http-root-dir/cgi-bin/
	http-root-dir/cgi-src/Makefile
	http-root-dir/cgi-src/change-passwd.c
	http-root-dir/cgi-src/imagemap.c
	http-root-dir/cgi-src/imagemap.o
	http-root-dir/cgi-src/jj.c
	http-root-dir/cgi-src/jj.o
	http-root-dir/cgi-src/phf.c
	http-root-dir/cgi-src/phf.o
	http-root-dir/cgi-src/post-query.c
	http-root-dir/cgi-src/post-query.o
	http-root-dir/cgi-src/query.c
	http-root-dir/cgi-src/query.o
	http-root-dir/cgi-src/util.c
	http-root-dir/cgi-src/util.o
	http-root-dir/htdocs/
	http-root-dir/icons/
	myhttpd
	myhttpd.cpp
	myhttpd.o
	use-dlopen
	use-dlopen.o

nothing added to commit but untracked files present
On branch master
Untracked files:
	.local.git.out
	Makefile
	daytime-client
	daytime-client.o
	daytime-server
	daytime-server.o
	hello.o
	hello.so
	http-root-dir/cgi-bin/
	http-root-dir/cgi-src/Makefile
	http-root-dir/cgi-src/change-passwd.c
	http-root-dir/cgi-src/imagemap.c
	http-root-dir/cgi-src/imagemap.o
	http-root-dir/cgi-src/jj.c
	http-root-dir/cgi-src/jj.o
	http-root-dir/cgi-src/phf.c
	http-root-dir/cgi-src/phf.o
	http-root-dir/cgi-src/post-query.c
	http-root-dir/cgi-src/post-query.o
	http-root-dir/cgi-src/query.c
	http-root-dir/cgi-src/query.o
	http-root-dir/cgi-src/util.c
	http-root-dir/cgi-src/util.o
	http-root-dir/htdocs/
	http-root-dir/icons/
	myhttpd
	myhttpd.cpp
	myhttpd.o
	use-dlopen
	use-dlopen.o

nothing added to commit but untracked files present
On branch master
Untracked files:
	.local.git.out
	Makefile
	daytime-client
	daytime-client.o
	daytime-server
	daytime-server.o
	hello.o
	hello.so
	http-root-dir/cgi-bin/
	http-root-dir/cgi-src/Makefile
	http-root-dir/cgi-src/change-passwd.c
	http-root-dir/cgi-src/imagemap.c
	http-root-dir/cgi-src/imagemap.o
	http-root-dir/cgi-src/jj.c
	http-root-dir/cgi-src/jj.o
	http-root-dir/cgi-src/phf.c
	http-root-dir/cgi-src/phf.o
	http-root-dir/cgi-src/post-query.c
	http-root-dir/cgi-src/post-query.o
	http-root-dir/cgi-src/query.c
	http-root-dir/cgi-src/query.o
	http-root-dir/cgi-src/util.c
	http-root-dir/cgi-src/util.o
	http-root-dir/htdocs/
	http-root-dir/icons/
	myhttpd
	myhttpd.cpp
	myhttpd.o
	use-dlopen
	use-dlopen.o

nothing added to commit but untracked files present
On branch master
Untracked files:
	.local.git.out
	Makefile
	daytime-client
	daytime-client.o
	daytime-server
	daytime-server.o
	hello.o
	hello.so
	http-root-dir/cgi-bin/
	http-root-dir/cgi-src/Makefile
	http-root-dir/cgi-src/change-passwd.c
	http-root-dir/cgi-src/imagemap.c
	http-root-dir/cgi-src/imagemap.o
	http-root-dir/cgi-src/jj.c
	http-root-dir/cgi-src/jj.o
	http-root-dir/cgi-src/phf.c
	http-root-dir/cgi-src/phf.o
	http-root-dir/cgi-src/post-query.c
	http-root-dir/cgi-src/post-query.o
	http-root-dir/cgi-src/query.c
	http-root-dir/cgi-src/query.o
	http-root-dir/cgi-src/util.c
	http-root-dir/cgi-src/util.o
	http-root-dir/htdocs/
	http-root-dir/icons/
	myhttpd
	myhttpd.cpp
	myhttpd.o
	use-dlopen
	use-dlopen.o

nothing added to commit but untracked files present
On branch master
Untracked files:
	.local.git.out
	Makefile
	daytime-client
	daytime-client.o
	daytime-server
	daytime-server.o
	hello.o
	hello.so
	http-root-dir/cgi-bin/
	http-root-dir/cgi-src/Makefile
	http-root-dir/cgi-src/change-passwd.c
	http-root-dir/cgi-src/imagemap.c
	http-root-dir/cgi-src/imagemap.o
	http-root-dir/cgi-src/jj.c
	http-root-dir/cgi-src/jj.o
	http-root-dir/cgi-src/phf.c
	http-root-dir/cgi-src/phf.o
	http-root-dir/cgi-src/post-query.c
	http-root-dir/cgi-src/post-query.o
	http-root-dir/cgi-src/query.c
	http-root-dir/cgi-src/query.o
	http-root-dir/cgi-src/util.c
	http-root-dir/cgi-src/util.o
	http-root-dir/htdocs/
	http-root-dir/icons/
	myhttpd
	myhttpd.cpp
	myhttpd.o
	use-dlopen
	use-dlopen.o

nothing added to commit but untracked files present
On branch master
Untracked files:
	.local.git.out
	Makefile
	daytime-client
	daytime-client.o
	daytime-server
	daytime-server.o
	hello.o
	hello.so
	http-root-dir/cgi-bin/
	http-root-dir/cgi-src/Makefile
	http-root-dir/cgi-src/change-passwd.c
	http-root-dir/cgi-src/imagemap.c
	http-root-dir/cgi-src/imagemap.o
	http-root-dir/cgi-src/jj.c
	http-root-dir/cgi-src/jj.o
	http-root-dir/cgi-src/phf.c
	http-root-dir/cgi-src/phf.o
	http-root-dir/cgi-src/post-query.c
	http-root-dir/cgi-src/post-query.o
	http-root-dir/cgi-src/query.c
	http-root-dir/cgi-src/query.o
	http-root-dir/cgi-src/util.c
	http-root-dir/cgi-src/util.o
	http-root-dir/htdocs/
	http-root-dir/icons/
	myhttpd
	myhttpd.cpp
	myhttpd.o
	use-dlopen
	use-dlopen.o

nothing added to commit but untracked files present
On branch master
Untracked files:
	.local.git.out
	Makefile
	daytime-client
	daytime-client.o
	daytime-server
	daytime-server.o
	hello.o
	hello.so
	http-root-dir/cgi-bin/
	http-root-dir/cgi-src/Makefile
	http-root-dir/cgi-src/change-passwd.c
	http-root-dir/cgi-src/imagemap.c
	http-root-dir/cgi-src/imagemap.o
	http-root-dir/cgi-src/jj.c
	http-root-dir/cgi-src/jj.o
	http-root-dir/cgi-src/phf.c
	http-root-dir/cgi-src/phf.o
	http-root-dir/cgi-src/post-query.c
	http-root-dir/cgi-src/post-query.o
	http-root-dir/cgi-src/query.c
	http-root-dir/cgi-src/query.o
	http-root-dir/cgi-src/util.c
	http-root-dir/cgi-src/util.o
	http-root-dir/htdocs/
	http-root-dir/icons/
	myhttpd
	myhttpd.cpp
	myhttpd.o
	use-dlopen
	use-dlopen.o

nothing added to commit but untracked files present
On branch master
Untracked files:
	.local.git.out
	Makefile
	daytime-client
	daytime-client.o
	daytime-server
	daytime-server.o
	hello.o
	hello.so
	http-root-dir/cgi-bin/
	http-root-dir/cgi-src/Makefile
	http-root-dir/cgi-src/change-passwd.c
	http-root-dir/cgi-src/imagemap.c
	http-root-dir/cgi-src/imagemap.o
	http-root-dir/cgi-src/jj.c
	http-root-dir/cgi-src/jj.o
	http-root-dir/cgi-src/phf.c
	http-root-dir/cgi-src/phf.o
	http-root-dir/cgi-src/post-query.c
	http-root-dir/cgi-src/post-query.o
	http-root-dir/cgi-src/query.c
	http-root-dir/cgi-src/query.o
	http-root-dir/cgi-src/util.c
	http-root-dir/cgi-src/util.o
	http-root-dir/htdocs/
	http-root-dir/icons/
	myhttpd
	myhttpd.cpp
	myhttpd.o
	use-dlopen
	use-dlopen.o

nothing added to commit but untracked files present
On branch master
Untracked files:
	.local.git.out
	Makefile
	daytime-client
	daytime-client.o
	daytime-server
	daytime-server.o
	hello.o
	hello.so
	http-root-dir/cgi-bin/
	http-root-dir/cgi-src/Makefile
	http-root-dir/cgi-src/change-passwd.c
	http-root-dir/cgi-src/imagemap.c
	http-root-dir/cgi-src/imagemap.o
	http-root-dir/cgi-src/jj.c
	http-root-dir/cgi-src/jj.o
	http-root-dir/cgi-src/phf.c
	http-root-dir/cgi-src/phf.o
	http-root-dir/cgi-src/post-query.c
	http-root-dir/cgi-src/post-query.o
	http-root-dir/cgi-src/query.c
	http-root-dir/cgi-src/query.o
	http-root-dir/cgi-src/util.c
	http-root-dir/cgi-src/util.o
	http-root-dir/htdocs/
	http-root-dir/icons/
	myhttpd
	myhttpd.cpp
	myhttpd.o
	use-dlopen
	use-dlopen.o

nothing added to commit but untracked files present
On branch master
Untracked files:
	.local.git.out
	Makefile
	daytime-client
	daytime-client.o
	daytime-server
	daytime-server.o
	hello.o
	hello.so
	http-root-dir/cgi-bin/
	http-root-dir/cgi-src/Makefile
	http-root-dir/cgi-src/change-passwd.c
	http-root-dir/cgi-src/imagemap.c
	http-root-dir/cgi-src/imagemap.o
	http-root-dir/cgi-src/jj.c
	http-root-dir/cgi-src/jj.o
	http-root-dir/cgi-src/phf.c
	http-root-dir/cgi-src/phf.o
	http-root-dir/cgi-src/post-query.c
	http-root-dir/cgi-src/post-query.o
	http-root-dir/cgi-src/query.c
	http-root-dir/cgi-src/query.o
	http-root-dir/cgi-src/util.c
	http-root-dir/cgi-src/util.o
	http-root-dir/htdocs/
	http-root-dir/icons/
	myhttpd
	myhttpd.cpp
	myhttpd.o
	use-dlopen
	use-dlopen.o

nothing added to commit but untracked files present
On branch master
Untracked files:
	.local.git.out
	Makefile
	daytime-client
	daytime-client.o
	daytime-server
	daytime-server.o
	hello.o
	hello.so
	http-root-dir/cgi-bin/
	http-root-dir/cgi-src/Makefile
	http-root-dir/cgi-src/change-passwd.c
	http-root-dir/cgi-src/imagemap.c
	http-root-dir/cgi-src/imagemap.o
	http-root-dir/cgi-src/jj.c
	http-root-dir/cgi-src/jj.o
	http-root-dir/cgi-src/phf.c
	http-root-dir/cgi-src/phf.o
	http-root-dir/cgi-src/post-query.c
	http-root-dir/cgi-src/post-query.o
	http-root-dir/cgi-src/query.c
	http-root-dir/cgi-src/query.o
	http-root-dir/cgi-src/util.c
	http-root-dir/cgi-src/util.o
	http-root-dir/htdocs/
	http-root-dir/icons/
	myhttpd
	myhttpd.cpp
	myhttpd.o
	use-dlopen
	use-dlopen.o

nothing added to commit but untracked files present
On branch master
Untracked files:
	.local.git.out
	Makefile
	daytime-client
	daytime-client.o
	daytime-server
	daytime-server.o
	hello.o
	hello.so
	http-root-dir/cgi-bin/
	http-root-dir/cgi-src/Makefile
	http-root-dir/cgi-src/change-passwd.c
	http-root-dir/cgi-src/imagemap.c
	http-root-dir/cgi-src/imagemap.o
	http-root-dir/cgi-src/jj.c
	http-root-dir/cgi-src/jj.o
	http-root-dir/cgi-src/phf.c
	http-root-dir/cgi-src/phf.o
	http-root-dir/cgi-src/post-query.c
	http-root-dir/cgi-src/post-query.o
	http-root-dir/cgi-src/query.c
	http-root-dir/cgi-src/query.o
	http-root-dir/cgi-src/util.c
	http-root-dir/cgi-src/util.o
	http-root-dir/htdocs/
	http-root-dir/icons/
	myhttpd
	myhttpd.cpp
	myhttpd.o
	use-dlopen
	use-dlopen.o

nothing added to commit but untracked files present
On branch master
Untracked files:
	.local.git.out
	Makefile
	daytime-client
	daytime-client.o
	daytime-server
	daytime-server.o
	hello.o
	hello.so
	http-root-dir/cgi-bin/
	http-root-dir/cgi-src/Makefile
	http-root-dir/cgi-src/change-passwd.c
	http-root-dir/cgi-src/imagemap.c
	http-root-dir/cgi-src/imagemap.o
	http-root-dir/cgi-src/jj.c
	http-root-dir/cgi-src/jj.o
	http-root-dir/cgi-src/phf.c
	http-root-dir/cgi-src/phf.o
	http-root-dir/cgi-src/post-query.c
	http-root-dir/cgi-src/post-query.o
	http-root-dir/cgi-src/query.c
	http-root-dir/cgi-src/query.o
	http-root-dir/cgi-src/util.c
	http-root-dir/cgi-src/util.o
	http-root-dir/htdocs/
	http-root-dir/icons/
	myhttpd
	myhttpd.cpp
	myhttpd.o
	use-dlopen
	use-dlopen.o

nothing added to commit but untracked files present
On branch master
Untracked files:
	.local.git.out
	Makefile
	daytime-client
	daytime-client.o
	daytime-server
	daytime-server.o
	hello.o
	hello.so
	http-root-dir/cgi-bin/
	http-root-dir/cgi-src/Makefile
	http-root-dir/cgi-src/change-passwd.c
	http-root-dir/cgi-src/imagemap.c
	http-root-dir/cgi-src/imagemap.o
	http-root-dir/cgi-src/jj.c
	http-root-dir/cgi-src/jj.o
	http-root-dir/cgi-src/phf.c
	http-root-dir/cgi-src/phf.o
	http-root-dir/cgi-src/post-query.c
	http-root-dir/cgi-src/post-query.o
	http-root-dir/cgi-src/query.c
	http-root-dir/cgi-src/query.o
	http-root-dir/cgi-src/util.c
	http-root-dir/cgi-src/util.o
	http-root-dir/htdocs/
	http-root-dir/icons/
	myhttpd
	myhttpd.cpp
	myhttpd.o
	use-dlopen
	use-dlopen.o

nothing added to commit but untracked files present
On branch master
Untracked files:
	.local.git.out
	Makefile
	daytime-client
	daytime-client.o
	daytime-server
	daytime-server.o
	hello.o
	hello.so
	http-root-dir/cgi-bin/
	http-root-dir/cgi-src/Makefile
	http-root-dir/cgi-src/change-passwd.c
	http-root-dir/cgi-src/imagemap.c
	http-root-dir/cgi-src/imagemap.o
	http-root-dir/cgi-src/jj.c
	http-root-dir/cgi-src/jj.o
	http-root-dir/cgi-src/phf.c
	http-root-dir/cgi-src/phf.o
	http-root-dir/cgi-src/post-query.c
	http-root-dir/cgi-src/post-query.o
	http-root-dir/cgi-src/query.c
	http-root-dir/cgi-src/query.o
	http-root-dir/cgi-src/util.c
	http-root-dir/cgi-src/util.o
	http-root-dir/htdocs/
	http-root-dir/icons/
	myhttpd
	myhttpd.cpp
	myhttpd.o
	use-dlopen
	use-dlopen.o

nothing added to commit but untracked files present
On branch master
Untracked files:
	.local.git.out
	Makefile
	daytime-client
	daytime-client.o
	daytime-server
	daytime-server.o
	hello.o
	hello.so
	http-root-dir/cgi-bin/
	http-root-dir/cgi-src/Makefile
	http-root-dir/cgi-src/change-passwd.c
	http-root-dir/cgi-src/imagemap.c
	http-root-dir/cgi-src/imagemap.o
	http-root-dir/cgi-src/jj.c
	http-root-dir/cgi-src/jj.o
	http-root-dir/cgi-src/phf.c
	http-root-dir/cgi-src/phf.o
	http-root-dir/cgi-src/post-query.c
	http-root-dir/cgi-src/post-query.o
	http-root-dir/cgi-src/query.c
	http-root-dir/cgi-src/query.o
	http-root-dir/cgi-src/util.c
	http-root-dir/cgi-src/util.o
	http-root-dir/htdocs/
	http-root-dir/icons/
	myhttpd
	myhttpd.cpp
	myhttpd.o
	use-dlopen
	use-dlopen.o

nothing added to commit but untracked files present
On branch master
Untracked files:
	.local.git.out
	Makefile
	daytime-client
	daytime-client.o
	daytime-server
	daytime-server.o
	hello.o
	hello.so
	http-root-dir/cgi-bin/
	http-root-dir/cgi-src/Makefile
	http-root-dir/cgi-src/change-passwd.c
	http-root-dir/cgi-src/imagemap.c
	http-root-dir/cgi-src/imagemap.o
	http-root-dir/cgi-src/jj.c
	http-root-dir/cgi-src/jj.o
	http-root-dir/cgi-src/phf.c
	http-root-dir/cgi-src/phf.o
	http-root-dir/cgi-src/post-query.c
	http-root-dir/cgi-src/post-query.o
	http-root-dir/cgi-src/query.c
	http-root-dir/cgi-src/query.o
	http-root-dir/cgi-src/util.c
	http-root-dir/cgi-src/util.o
	http-root-dir/htdocs/
	http-root-dir/icons/
	myhttpd
	myhttpd.cpp
	myhttpd.o
	use-dlopen
	use-dlopen.o

nothing added to commit but untracked files present
On branch master
Untracked files:
	.local.git.out
	Makefile
	daytime-client
	daytime-client.o
	daytime-server
	daytime-server.o
	hello.o
	hello.so
	http-root-dir/cgi-bin/
	http-root-dir/cgi-src/Makefile
	http-root-dir/cgi-src/change-passwd.c
	http-root-dir/cgi-src/imagemap.c
	http-root-dir/cgi-src/imagemap.o
	http-root-dir/cgi-src/jj.c
	http-root-dir/cgi-src/jj.o
	http-root-dir/cgi-src/phf.c
	http-root-dir/cgi-src/phf.o
	http-root-dir/cgi-src/post-query.c
	http-root-dir/cgi-src/post-query.o
	http-root-dir/cgi-src/query.c
	http-root-dir/cgi-src/query.o
	http-root-dir/cgi-src/util.c
	http-root-dir/cgi-src/util.o
	http-root-dir/htdocs/
	http-root-dir/icons/
	myhttpd
	myhttpd.cpp
	myhttpd.o
	use-dlopen
	use-dlopen.o

nothing added to commit but untracked files present
On branch master
Untracked files:
	.local.git.out
	Makefile
	daytime-client
	daytime-client.o
	daytime-server
	daytime-server.o
	hello.o
	hello.so
	http-root-dir/cgi-bin/
	http-root-dir/cgi-src/Makefile
	http-root-dir/cgi-src/change-passwd.c
	http-root-dir/cgi-src/imagemap.c
	http-root-dir/cgi-src/imagemap.o
	http-root-dir/cgi-src/jj.c
	http-root-dir/cgi-src/jj.o
	http-root-dir/cgi-src/phf.c
	http-root-dir/cgi-src/phf.o
	http-root-dir/cgi-src/post-query.c
	http-root-dir/cgi-src/post-query.o
	http-root-dir/cgi-src/query.c
	http-root-dir/cgi-src/query.o
	http-root-dir/cgi-src/util.c
	http-root-dir/cgi-src/util.o
	http-root-dir/htdocs/
	http-root-dir/icons/
	myhttpd
	myhttpd.cpp
	myhttpd.o
	use-dlopen
	use-dlopen.o

nothing added to commit but untracked files present
On branch master
Untracked files:
	.local.git.out
	Makefile
	daytime-client
	daytime-client.o
	daytime-server
	daytime-server.o
	hello.o
	hello.so
	http-root-dir/cgi-bin/
	http-root-dir/cgi-src/Makefile
	http-root-dir/cgi-src/change-passwd.c
	http-root-dir/cgi-src/imagemap.c
	http-root-dir/cgi-src/imagemap.o
	http-root-dir/cgi-src/jj.c
	http-root-dir/cgi-src/jj.o
	http-root-dir/cgi-src/phf.c
	http-root-dir/cgi-src/phf.o
	http-root-dir/cgi-src/post-query.c
	http-root-dir/cgi-src/post-query.o
	http-root-dir/cgi-src/query.c
	http-root-dir/cgi-src/query.o
	http-root-dir/cgi-src/util.c
	http-root-dir/cgi-src/util.o
	http-root-dir/htdocs/
	http-root-dir/icons/
	myhttpd
	myhttpd.cpp
	myhttpd.o
	use-dlopen
	use-dlopen.o

nothing added to commit but untracked files present
On branch master
Untracked files:
	.local.git.out
	Makefile
	daytime-client
	daytime-client.o
	daytime-server
	daytime-server.o
	hello.o
	hello.so
	http-root-dir/cgi-bin/
	http-root-dir/cgi-src/Makefile
	http-root-dir/cgi-src/change-passwd.c
	http-root-dir/cgi-src/imagemap.c
	http-root-dir/cgi-src/imagemap.o
	http-root-dir/cgi-src/jj.c
	http-root-dir/cgi-src/jj.o
	http-root-dir/cgi-src/phf.c
	http-root-dir/cgi-src/phf.o
	http-root-dir/cgi-src/post-query.c
	http-root-dir/cgi-src/post-query.o
	http-root-dir/cgi-src/query.c
	http-root-dir/cgi-src/query.o
	http-root-dir/cgi-src/util.c
	http-root-dir/cgi-src/util.o
	http-root-dir/htdocs/
	http-root-dir/icons/
	myhttpd
	myhttpd.cpp
	myhttpd.o
	use-dlopen
	use-dlopen.o

nothing added to commit but untracked files present
On branch master
Untracked files:
	.local.git.out
	Makefile
	daytime-client
	daytime-client.o
	daytime-server
	daytime-server.o
	hello.o
	hello.so
	http-root-dir/cgi-bin/
	http-root-dir/cgi-src/Makefile
	http-root-dir/cgi-src/change-passwd.c
	http-root-dir/cgi-src/imagemap.c
	http-root-dir/cgi-src/imagemap.o
	http-root-dir/cgi-src/jj.c
	http-root-dir/cgi-src/jj.o
	http-root-dir/cgi-src/phf.c
	http-root-dir/cgi-src/phf.o
	http-root-dir/cgi-src/post-query.c
	http-root-dir/cgi-src/post-query.o
	http-root-dir/cgi-src/query.c
	http-root-dir/cgi-src/query.o
	http-root-dir/cgi-src/util.c
	http-root-dir/cgi-src/util.o
	http-root-dir/htdocs/
	http-root-dir/icons/
	myhttpd
	myhttpd.cpp
	myhttpd.o
	use-dlopen
	use-dlopen.o

nothing added to commit but untracked files present
On branch master
Untracked files:
	.local.git.out
	Makefile
	daytime-client
	daytime-client.o
	daytime-server
	daytime-server.o
	hello.o
	hello.so
	http-root-dir/cgi-bin/
	http-root-dir/cgi-src/Makefile
	http-root-dir/cgi-src/change-passwd.c
	http-root-dir/cgi-src/imagemap.c
	http-root-dir/cgi-src/imagemap.o
	http-root-dir/cgi-src/jj.c
	http-root-dir/cgi-src/jj.o
	http-root-dir/cgi-src/phf.c
	http-root-dir/cgi-src/phf.o
	http-root-dir/cgi-src/post-query.c
	http-root-dir/cgi-src/post-query.o
	http-root-dir/cgi-src/query.c
	http-root-dir/cgi-src/query.o
	http-root-dir/cgi-src/util.c
	http-root-dir/cgi-src/util.o
	http-root-dir/htdocs/
	http-root-dir/icons/
	myhttpd
	myhttpd.cpp
	myhttpd.o
	use-dlopen
	use-dlopen.o

nothing added to commit but untracked files present
On branch master
Untracked files:
	.local.git.out
	Makefile
	daytime-client
	daytime-client.o
	daytime-server
	daytime-server.o
	hello.o
	hello.so
	http-root-dir/cgi-bin/
	http-root-dir/cgi-src/Makefile
	http-root-dir/cgi-src/change-passwd.c
	http-root-dir/cgi-src/imagemap.c
	http-root-dir/cgi-src/imagemap.o
	http-root-dir/cgi-src/jj.c
	http-root-dir/cgi-src/jj.o
	http-root-dir/cgi-src/phf.c
	http-root-dir/cgi-src/phf.o
	http-root-dir/cgi-src/post-query.c
	http-root-dir/cgi-src/post-query.o
	http-root-dir/cgi-src/query.c
	http-root-dir/cgi-src/query.o
	http-root-dir/cgi-src/util.c
	http-root-dir/cgi-src/util.o
	http-root-dir/htdocs/
	http-root-dir/icons/
	myhttpd
	myhttpd.cpp
	myhttpd.o
	use-dlopen
	use-dlopen.o

nothing added to commit but untracked files present
On branch master
Untracked files:
	.local.git.out
	Makefile
	daytime-client
	daytime-client.o
	daytime-server
	daytime-server.o
	hello.o
	hello.so
	http-root-dir/cgi-bin/
	http-root-dir/cgi-src/Makefile
	http-root-dir/cgi-src/change-passwd.c
	http-root-dir/cgi-src/imagemap.c
	http-root-dir/cgi-src/imagemap.o
	http-root-dir/cgi-src/jj.c
	http-root-dir/cgi-src/jj.o
	http-root-dir/cgi-src/phf.c
	http-root-dir/cgi-src/phf.o
	http-root-dir/cgi-src/post-query.c
	http-root-dir/cgi-src/post-query.o
	http-root-dir/cgi-src/query.c
	http-root-dir/cgi-src/query.o
	http-root-dir/cgi-src/util.c
	http-root-dir/cgi-src/util.o
	http-root-dir/htdocs/
	http-root-dir/icons/
	myhttpd
	myhttpd.cpp
	myhttpd.o
	use-dlopen
	use-dlopen.o

nothing added to commit but untracked files present
On branch master
Untracked files:
	.local.git.out
	Makefile
	daytime-client
	daytime-client.o
	daytime-server
	daytime-server.o
	hello.o
	hello.so
	http-root-dir/cgi-bin/
	http-root-dir/cgi-src/Makefile
	http-root-dir/cgi-src/change-passwd.c
	http-root-dir/cgi-src/imagemap.c
	http-root-dir/cgi-src/imagemap.o
	http-root-dir/cgi-src/jj.c
	http-root-dir/cgi-src/jj.o
	http-root-dir/cgi-src/phf.c
	http-root-dir/cgi-src/phf.o
	http-root-dir/cgi-src/post-query.c
	http-root-dir/cgi-src/post-query.o
	http-root-dir/cgi-src/query.c
	http-root-dir/cgi-src/query.o
	http-root-dir/cgi-src/util.c
	http-root-dir/cgi-src/util.o
	http-root-dir/htdocs/
	http-root-dir/icons/
	myhttpd
	myhttpd.cpp
	myhttpd.o
	use-dlopen
	use-dlopen.o

nothing added to commit but untracked files present
On branch master
Untracked files:
	.local.git.out
	Makefile
	daytime-client
	daytime-client.o
	daytime-server
	daytime-server.o
	hello.o
	hello.so
	http-root-dir/cgi-bin/
	http-root-dir/cgi-src/Makefile
	http-root-dir/cgi-src/change-passwd.c
	http-root-dir/cgi-src/imagemap.c
	http-root-dir/cgi-src/imagemap.o
	http-root-dir/cgi-src/jj.c
	http-root-dir/cgi-src/jj.o
	http-root-dir/cgi-src/phf.c
	http-root-dir/cgi-src/phf.o
	http-root-dir/cgi-src/post-query.c
	http-root-dir/cgi-src/post-query.o
	http-root-dir/cgi-src/query.c
	http-root-dir/cgi-src/query.o
	http-root-dir/cgi-src/util.c
	http-root-dir/cgi-src/util.o
	http-root-dir/htdocs/
	http-root-dir/icons/
	myhttpd
	myhttpd.cpp
	myhttpd.o
	use-dlopen
	use-dlopen.o

nothing added to commit but untracked files present
