RPN Plotter.
                    * *                 |     **                       **       
                                        |    *  *                     *  *      
                   *   *                |                                       
                                        |   *                        *          
                        *               |        *                        *     
                  *                     |                                       
                                        |  *                        *           
                                        |                                  *    
                         *              |         *                             
*                *                      |                                       
                                        | *                        *            
                                        |                                   *   
                          *             |          *                            
 *                                      |                                       
                *                       |                                       
                                        |*                        *             
                                        |                                    *  
                           *            |           *                           
  *                                     |                                       
_______________*________________________*_______________________________________
                                        |                        *              
                                        |                                     * 
                            *           |            *                          
   *                                    |                                       
              *                        *|                                       
                                        |                       *               
                                        |                                      *
                             *          |             *                         
    *                                   |                                       
             *                        * |                                       
                                        |                      *                
                              *         |              *                        
     *                                  |                                       
            *                        *  |                                       
                                        |                     *                 
      *                        *        |               *                       
           *                        *   |                                       
                                        |                *   *                  
       *  *                     *  *    |                                       
        **                       **     |                 ***                   
