CS240: lab6. cs240 Tue Mar 31 00:09:52 EDT 2015  Total:  0 of 12

CS240: lab6. cs240 Tue Mar 31 00:10:08 EDT 2015  Total:  12 of 12

CS240: lab6. cs240 Tue Mar 31 00:11:07 EDT 2015  Total:  0 of 12

CS240: lab6. cs240 Tue Mar 31 00:11:39 EDT 2015  Total:  0 of 12

CS240: lab6. cs240 Tue Mar 31 00:13:58 EDT 2015  Total:  0 of 12

CS240: lab6. sbassi Thu Apr 2 12:32:10 EDT 2015  Total:  8 of 12

CS240: lab6. sbassi Thu Apr 2 12:52:11 EDT 2015  Total:  8 of 12

CS240: lab6. sbassi Sat Apr 11 22:45:34 EDT 2015  Total:  8 of 12

CS240: lab6. sbassi Sat Apr 11 22:46:34 EDT 2015  Total:  8 of 12

CS240: lab6. sbassi Sat Apr 11 22:50:06 EDT 2015  Total:  8 of 12

CS240: lab6. sbassi Sat Apr 11 22:52:15 EDT 2015  Total:  8 of 12

CS240: lab6. sbassi Sat Apr 11 22:55:59 EDT 2015  Total:  8 of 12

CS240: lab6. sbassi Sat Apr 11 22:57:48 EDT 2015  Total:  8 of 12

CS240: lab6. sbassi Sat Apr 11 22:59:09 EDT 2015  Total:  8 of 12

CS240: lab6. sbassi Sat Apr 11 22:59:51 EDT 2015  Total:  8 of 12

CS240: lab6. sbassi Sat Apr 11 23:01:17 EDT 2015  Total:  10 of 12

CS240: lab6. sbassi Sat Apr 11 23:26:54 EDT 2015  Total:  12 of 12

CS240: lab6. sbassi Sat Apr 11 23:41:17 EDT 2015  Total:  12 of 12

CS240: lab6. sbassi Fri Apr 24 18:45:38 EDT 2015  Total:  12 of 62

CS240: lab6. sbassi Fri Apr 24 18:47:17 EDT 2015  Total:  12 of 62

CS240: lab6. sbassi Fri Apr 24 19:07:15 EDT 2015  Total:  17 of 62

CS240: lab6. sbassi Fri Apr 24 19:59:24 EDT 2015  Total:  32 of 62

CS240: lab6. sbassi Fri Apr 24 20:06:00 EDT 2015  Total:  32 of 62

CS240: lab6. sbassi Fri Apr 24 20:16:18 EDT 2015  Total:  32 of 62

CS240: lab6. sbassi Fri Apr 24 20:31:54 EDT 2015  Total:  32 of 62

CS240: lab6. sbassi Fri Apr 24 22:02:36 EDT 2015  Total:  37 of 62

CS240: lab6. sbassi Fri Apr 24 22:07:06 EDT 2015  Total:  12 of 17

CS240: lab6. sbassi Fri Apr 24 22:07:06 EDT 2015  Total:  12 of 17

CS240: lab6. sbassi Fri Apr 24 22:07:10 EDT 2015  Total:  12 of 17

CS240: lab6. sbassi Fri Apr 24 22:07:36 EDT 2015  Total:  12 of 17

CS240: lab6. sbassi Fri Apr 24 22:11:05 EDT 2015  Total:  17 of 17

CS240: lab6. sbassi Fri Apr 24 22:11:37 EDT 2015  Total:  12 of 17

CS240: lab6. sbassi Fri Apr 24 22:11:42 EDT 2015  Total:  12 of 17

CS240: lab6. sbassi Fri Apr 24 22:11:49 EDT 2015  Total:  17 of 17

CS240: lab6. sbassi Fri Apr 24 22:12:04 EDT 2015  Total:  17 of 17

CS240: lab6. sbassi Fri Apr 24 22:12:38 EDT 2015  Total:  22 of 22

CS240: lab6. sbassi Fri Apr 24 22:13:06 EDT 2015  Total:  12 of 17

CS240: lab6. sbassi Fri Apr 24 22:13:06 EDT 2015  Total:  12 of 17

CS240: lab6. sbassi Fri Apr 24 22:13:09 EDT 2015  Total:  17 of 17

CS240: lab6. sbassi Fri Apr 24 22:13:42 EDT 2015  Total:  17 of 17

CS240: lab6. sbassi Fri Apr 24 22:14:03 EDT 2015  Total:  12 of 17

CS240: lab6. sbassi Fri Apr 24 22:14:22 EDT 2015  Total:  12 of 17

CS240: lab6. sbassi Fri Apr 24 22:19:22 EDT 2015  Total:  12 of 17

CS240: lab6. sbassi Fri Apr 24 22:22:09 EDT 2015  Total:  17 of 17

CS240: lab6. sbassi Fri Apr 24 22:22:35 EDT 2015  Total:  12 of 17

CS240: lab6. sbassi Fri Apr 24 22:30:58 EDT 2015  Total:  17 of 17

CS240: lab6. sbassi Fri Apr 24 22:31:24 EDT 2015  Total:  12 of 17

CS240: lab6. sbassi Fri Apr 24 22:34:08 EDT 2015  Total:  12 of 17

CS240: lab6. sbassi Fri Apr 24 22:35:35 EDT 2015  Total:  12 of 17

CS240: lab6. sbassi Fri Apr 24 22:40:24 EDT 2015  Total:  12 of 17

CS240: lab6. sbassi Fri Apr 24 22:44:00 EDT 2015  Total:  12 of 17

CS240: lab6. sbassi Fri Apr 24 22:45:04 EDT 2015  Total:  12 of 17

CS240: lab6. sbassi Fri Apr 24 22:47:33 EDT 2015  Total:  12 of 17

CS240: lab6. sbassi Fri Apr 24 22:47:54 EDT 2015  Total:  12 of 17

CS240: lab6. sbassi Fri Apr 24 22:49:03 EDT 2015  Total:  12 of 17

CS240: lab6. sbassi Fri Apr 24 22:49:38 EDT 2015  Total:  12 of 17

CS240: lab6. sbassi Fri Apr 24 22:50:02 EDT 2015  Total:  12 of 17

CS240: lab6. sbassi Fri Apr 24 22:50:38 EDT 2015  Total:  12 of 17

CS240: lab6. sbassi Fri Apr 24 22:51:06 EDT 2015  Total:  12 of 17

CS240: lab6. sbassi Fri Apr 24 22:51:41 EDT 2015  Total:  12 of 17

CS240: lab6. sbassi Fri Apr 24 22:52:23 EDT 2015  Total:  12 of 17

CS240: lab6. sbassi Fri Apr 24 22:55:05 EDT 2015  Total:  12 of 17

CS240: lab6. sbassi Fri Apr 24 22:56:55 EDT 2015  Total:  12 of 17

CS240: lab6. sbassi Fri Apr 24 22:58:48 EDT 2015  Total:  17 of 17

CS240: lab6. sbassi Fri Apr 24 22:59:23 EDT 2015  Total:  12 of 17

CS240: lab6. sbassi Fri Apr 24 23:17:27 EDT 2015  Total:  12 of 17

CS240: lab6. sbassi Fri Apr 24 23:20:24 EDT 2015  Total:  12 of 17

CS240: lab6. sbassi Fri Apr 24 23:25:16 EDT 2015  Total:  57 of 62

CS240: lab6. sbassi Fri Apr 24 23:33:16 EDT 2015  Total:  57 of 62

CS240: lab6. sbassi Fri Apr 24 23:35:40 EDT 2015  Total:  12 of 17

CS240: lab6. sbassi Fri Apr 24 23:43:37 EDT 2015  Total:  12 of 17

CS240: lab6. sbassi Fri Apr 24 23:45:06 EDT 2015  Total:  12 of 17

CS240: lab6. sbassi Fri Apr 24 23:57:48 EDT 2015  Total:  12 of 17

CS240: lab6. sbassi Sat Apr 25 00:01:10 EDT 2015  Total:  17 of 17

CS240: lab6. sbassi Sat Apr 25 00:03:20 EDT 2015  Total:  57 of 62

CS240: lab6. sbassi Sat Apr 25 00:07:01 EDT 2015  Total:  62 of 62

CS240: lab6. sbassi Sat Apr 25 00:20:53 EDT 2015  Total:  12 of 17

CS240: lab6. sbassi Sat Apr 25 00:22:39 EDT 2015  Total:  12 of 17

CS240: lab6. sbassi Sat Apr 25 00:25:36 EDT 2015  Total:  12 of 17

CS240: lab6. sbassi Sat Apr 25 00:29:33 EDT 2015  Total:  17 of 17

CS240: lab6. sbassi Sat Apr 25 00:35:08 EDT 2015  Total:  62 of 62

CS240: lab6. sbassi Sat Apr 25 14:12:02 EDT 2015  Total:  62 of 62

CS240: lab6. sbassi Sat Apr 25 14:14:23 EDT 2015  Total:  62 of 62

CS240: lab6. sbassi Sun Apr 26 19:51:03 EDT 2015  Total:  62 of 62

CS240: lab6. sbassi Tue Apr 28 15:59:58 EDT 2015  Total:  62 of 62

CS240: lab6. sbassi Thu Apr 30 11:31:19 EDT 2015  Total:  62 of 62

