CS252: lab1. cs252 Mon Aug 24 12:16:41 EDT 2015  Total:  5 of 90

CS252: lab1. cs252 Mon Aug 24 12:17:26 EDT 2015  Total:  5 of 90

CS252: lab1. cs252 Mon Aug 24 12:26:30 EDT 2015  Total:  5 of 90

CS252: lab1. cs252 Mon Aug 24 12:27:19 EDT 2015  Total:  5 of 90

CS252: lab1. cs252 Mon Aug 24 12:27:46 EDT 2015  Total:  5 of 90

CS252: lab1. cs252 Mon Aug 24 12:32:46 EDT 2015  Total:  5 of 90

CS252: lab1. cs252 Mon Aug 24 12:35:45 EDT 2015  Total:  5 of 100

CS252: lab1. cs252 Mon Aug 24 12:36:03 EDT 2015  Total:  5 of 100

CS252: lab1. cs252 Mon Jan 11 13:51:27 EST 2016  Total:  5 of 100

CS252: lab1. cs252 Mon Jan 11 14:05:34 EST 2016  Total:  0 of 100

CS252: lab1. cs252 Mon Jan 11 14:06:30 EST 2016  Total:  0 of 100

CS252: lab1. cs252 Mon Jan 11 14:06:46 EST 2016  Total:  0 of 100

CS252: lab1. sbassi Thu Jan 14 23:29:28 EST 2016  Total:  5 of 100

CS252: lab1. sbassi Fri Jan 22 16:36:07 EST 2016  Total:  5 of 100

CS252: lab1. sbassi Mon Jan 25 21:20:13 EST 2016  Total:  5 of 100

CS252: lab1. sbassi Mon Jan 25 21:21:12 EST 2016  Total:  5 of 100

CS252: lab1. sbassi Mon Jan 25 21:21:36 EST 2016  Total:  5 of 100

CS252: lab1. sbassi Mon Jan 25 21:21:54 EST 2016  Total:  5 of 100

CS252: lab1. sbassi Mon Jan 25 21:25:46 EST 2016  Total:  5 of 100

CS252: lab1. sbassi Mon Jan 25 21:30:44 EST 2016  Total:  5 of 100

CS252: lab1. sbassi Mon Jan 25 23:49:22 EST 2016  Total:  5 of 100

CS252: lab1. sbassi Tue Jan 26 00:16:04 EST 2016  Total:  5 of 100

CS252: lab1. sbassi Tue Jan 26 00:17:24 EST 2016  Total:  5 of 100

CS252: lab1. sbassi Tue Jan 26 02:07:48 EST 2016  Total:  30 of 100

CS252: lab1. sbassi Tue Jan 26 02:10:17 EST 2016  Total:  30 of 100

CS252: lab1. sbassi Tue Jan 26 02:11:04 EST 2016  Total:  30 of 100

CS252: lab1. sbassi Tue Jan 26 02:12:38 EST 2016  Total:  30 of 100

CS252: lab1. sbassi Tue Jan 26 02:14:25 EST 2016  Total:  30 of 100

CS252: lab1. sbassi Tue Jan 26 02:28:56 EST 2016  Total:  30 of 100

CS252: lab1. sbassi Tue Jan 26 02:30:04 EST 2016  Total:  30 of 100

CS252: lab1. sbassi Tue Jan 26 02:31:09 EST 2016  Total:  30 of 100

CS252: lab1. sbassi Tue Jan 26 02:34:45 EST 2016  Total:  30 of 100

CS252: lab1. sbassi Tue Jan 26 11:34:31 EST 2016  Total:  30 of 100

CS252: lab1. sbassi Tue Jan 26 11:35:37 EST 2016  Total:  30 of 100

CS252: lab1. sbassi Wed Jan 27 10:17:15 EST 2016  Total:  30 of 100

CS252: lab1. sbassi Wed Jan 27 10:30:26 EST 2016  Total:  30 of 100

CS252: lab1. sbassi Wed Jan 27 10:33:40 EST 2016  Total:  30 of 100

CS252: lab1. sbassi Wed Jan 27 10:36:53 EST 2016  Total:  30 of 100

CS252: lab1. sbassi Wed Jan 27 10:55:35 EST 2016  Total:  30 of 100

CS252: lab1. sbassi Wed Jan 27 11:06:23 EST 2016  Total:  30 of 100

CS252: lab1. sbassi Wed Jan 27 11:47:59 EST 2016  Total:  30 of 100

CS252: lab1. sbassi Wed Jan 27 11:53:07 EST 2016  Total:  30 of 100

CS252: lab1. sbassi Wed Jan 27 13:50:27 EST 2016  Total:  30 of 100

CS252: lab1. sbassi Wed Jan 27 13:52:35 EST 2016  Total:  0 of 10

CS252: lab1. sbassi Wed Jan 27 13:53:37 EST 2016  Total:  0 of 10

CS252: lab1. sbassi Wed Jan 27 13:56:12 EST 2016  Total:  0 of 10

CS252: lab1. sbassi Wed Jan 27 13:58:11 EST 2016  Total:  0 of 10

CS252: lab1. sbassi Wed Jan 27 13:58:12 EST 2016  Total:  0 of 10

CS252: lab1. sbassi Wed Jan 27 13:58:23 EST 2016  Total:  0 of 10

CS252: lab1. sbassi Wed Jan 27 14:06:49 EST 2016  Total:  10 of 10

CS252: lab1. sbassi Wed Jan 27 15:55:51 EST 2016  Total:  10 of 10

CS252: lab1. sbassi Wed Jan 27 15:56:35 EST 2016  Total:  40 of 100

CS252: lab1. sbassi Wed Jan 27 15:57:35 EST 2016  Total:  40 of 100

CS252: lab1. sbassi Wed Jan 27 15:57:56 EST 2016  Total:  40 of 100

CS252: lab1. sbassi Wed Jan 27 15:58:40 EST 2016  Total:  40 of 100

CS252: lab1. sbassi Wed Jan 27 16:00:29 EST 2016  Total:  40 of 100

