

-------------------------------------------------
CS240: Lab 2b. cs240   
Sun Jan 25 22:14:59 EST 2015
-------------------------------------------------
test_mystring test1                 : 0   of 3  
test_mystring test2                 : 0   of 3  
test_mystring test3                 : 0   of 3  
test_mystring test4                 : 0   of 3  
test_mystring test5                 : 0   of 3  
test_mystring test6                 : 0   of 3  
test_mystring test7                 : 0   of 3  
-------------------------------------------------
CS240: Lab 2b. cs240 Sun Jan 25 22:14:59 EST 2015  Total:  0 of 21



-------------------------------------------------
CS240: Lab 2b. cs240   
Sun Jan 25 22:15:33 EST 2015
-------------------------------------------------
test_mystring test1                 : 0   of 3  
test_mystring test2                 : 0   of 3  
test_mystring test3                 : 0   of 3  
test_mystring test4                 : 0   of 3  
test_mystring test5                 : 0   of 3  
test_mystring test6                 : 0   of 3  
test_mystring test7                 : 0   of 3  
-------------------------------------------------
CS240: Lab 2b. cs240 Sun Jan 25 22:15:33 EST 2015  Total:  0 of 21



-------------------------------------------------
CS240: Lab 2b. sbassi   
Thu Jan 29 13:07:24 EST 2015
-------------------------------------------------
test_mystring test1                 : 3   of 3  
test_mystring test2                 : 0   of 3  
test_mystring test3                 : 0   of 3  
test_mystring test4                 : 0   of 3  
test_mystring test5                 : 0   of 3  
test_mystring test6                 : 0   of 3  
test_mystring test7                 : 0   of 3  
-------------------------------------------------
CS240: Lab 2b. sbassi Thu Jan 29 13:07:24 EST 2015  Total:  3 of 21



-------------------------------------------------
CS240: Lab 2b. sbassi   
Thu Jan 29 13:10:13 EST 2015
-------------------------------------------------
test_mystring test1                 : 3   of 3  
test_mystring test2                 : 0   of 3  
test_mystring test3                 : 0   of 3  
test_mystring test4                 : 0   of 3  
test_mystring test5                 : 0   of 3  
test_mystring test6                 : 0   of 3  
test_mystring test7                 : 0   of 3  
-------------------------------------------------
CS240: Lab 2b. sbassi Thu Jan 29 13:10:13 EST 2015  Total:  3 of 21



-------------------------------------------------
CS240: Lab 2b. sbassi   
Thu Jan 29 20:15:31 EST 2015
-------------------------------------------------
test_mystring test1                 : 3   of 3  
test_mystring test2                 : 3   of 3  
test_mystring test3                 : 0   of 3  
test_mystring test4                 : 0   of 3  
test_mystring test5                 : 0   of 3  
test_mystring test6                 : 0   of 3  
test_mystring test7                 : 0   of 3  
-------------------------------------------------
CS240: Lab 2b. sbassi Thu Jan 29 20:15:31 EST 2015  Total:  6 of 21



-------------------------------------------------
CS240: Lab 2b. sbassi   
Sat Jan 31 22:23:04 EST 2015
-------------------------------------------------
test_mystring test1                 : 3   of 3  
test_mystring test2                 : 3   of 3  
test_mystring test3                 : 0   of 3  
test_mystring test4                 : 0   of 3  
test_mystring test5                 : 0   of 3  
test_mystring test6                 : 0   of 3  
test_mystring test7                 : 0   of 3  
-------------------------------------------------
CS240: Lab 2b. sbassi Sat Jan 31 22:23:04 EST 2015  Total:  6 of 21



-------------------------------------------------
CS240: Lab 2b. sbassi   
Sat Jan 31 22:24:01 EST 2015
-------------------------------------------------
test_mystring test1                 : 3   of 3  
test_mystring test2                 : 3   of 3  
test_mystring test3                 : 0   of 3  
test_mystring test4                 : 3   of 3  
test_mystring test5                 : 0   of 3  
test_mystring test6                 : 0   of 3  
test_mystring test7                 : 0   of 3  
-------------------------------------------------
CS240: Lab 2b. sbassi Sat Jan 31 22:24:01 EST 2015  Total:  9 of 21



-------------------------------------------------
CS240: Lab 2b. sbassi   
Sat Jan 31 22:31:01 EST 2015
-------------------------------------------------
test_mystring test1                 : 3   of 3  
test_mystring test2                 : 3   of 3  
test_mystring test3                 : 0   of 3  
test_mystring test4                 : 3   of 3  
test_mystring test5                 : 0   of 3  
test_mystring test6                 : 0   of 3  
test_mystring test7                 : 0   of 3  
-------------------------------------------------
CS240: Lab 2b. sbassi Sat Jan 31 22:31:01 EST 2015  Total:  9 of 21



-------------------------------------------------
CS240: Lab 2b. sbassi   
Sat Jan 31 22:33:36 EST 2015
-------------------------------------------------
test_mystring test1                 : 3   of 3  
test_mystring test2                 : 3   of 3  
test_mystring test3                 : 0   of 3  
test_mystring test4                 : 3   of 3  
test_mystring test5                 : 0   of 3  
test_mystring test6                 : 0   of 3  
test_mystring test7                 : 0   of 3  
-------------------------------------------------
CS240: Lab 2b. sbassi Sat Jan 31 22:33:36 EST 2015  Total:  9 of 21



-------------------------------------------------
CS240: Lab 2b. sbassi   
Sat Jan 31 22:36:01 EST 2015
-------------------------------------------------
test_mystring test1                 : 3   of 3  
test_mystring test2                 : 3   of 3  
test_mystring test3                 : 0   of 3  
test_mystring test4                 : 3   of 3  
test_mystring test5                 : 0   of 3  
test_mystring test6                 : 0   of 3  
test_mystring test7                 : 0   of 3  
-------------------------------------------------
CS240: Lab 2b. sbassi Sat Jan 31 22:36:01 EST 2015  Total:  9 of 21



-------------------------------------------------
CS240: Lab 2b. sbassi   
Sat Jan 31 22:41:51 EST 2015
-------------------------------------------------
test_mystring test1                 : 3   of 3  
test_mystring test2                 : 3   of 3  
test_mystring test4                 : 3   of 3  
test_mystring test5                 : 0   of 3  
test_mystring test6                 : 0   of 3  
test_mystring test7                 : 0   of 3  
-------------------------------------------------
CS240: Lab 2b. sbassi Sat Jan 31 22:41:51 EST 2015  Total:  9 of 21



-------------------------------------------------
CS240: Lab 2b. sbassi   
Sat Jan 31 22:43:13 EST 2015
-------------------------------------------------
test_mystring test1                 : 3   of 3  
test_mystring test2                 : 3   of 3  
test_mystring test4                 : 3   of 3  
test_mystring test5                 : 0   of 3  
test_mystring test6                 : 0   of 3  
test_mystring test7                 : 0   of 3  
-------------------------------------------------
CS240: Lab 2b. sbassi Sat Jan 31 22:43:13 EST 2015  Total:  9 of 21



-------------------------------------------------
CS240: Lab 2b. sbassi   
Sat Jan 31 23:31:44 EST 2015
-------------------------------------------------
test_mystring test1                 : 3   of 3  
test_mystring test2                 : 3   of 3  
test_mystring test3                 : 0   of 3  
test_mystring test4                 : 3   of 3  
test_mystring test5                 : 0   of 3  
test_mystring test6                 : 0   of 3  
test_mystring test7                 : 0   of 3  
-------------------------------------------------
CS240: Lab 2b. sbassi Sat Jan 31 23:31:44 EST 2015  Total:  9 of 21



-------------------------------------------------
CS240: Lab 2b. sbassi   
Sat Jan 31 23:35:56 EST 2015
-------------------------------------------------
test_mystring test1                 : 3   of 3  
test_mystring test2                 : 3   of 3  
test_mystring test3                 : 0   of 3  
test_mystring test4                 : 3   of 3  
test_mystring test5                 : 0   of 3  
test_mystring test6                 : 0   of 3  
test_mystring test7                 : 0   of 3  
-------------------------------------------------
CS240: Lab 2b. sbassi Sat Jan 31 23:35:56 EST 2015  Total:  9 of 21



-------------------------------------------------
CS240: Lab 2b. sbassi   
Sat Jan 31 23:36:59 EST 2015
-------------------------------------------------
test_mystring test1                 : 3   of 3  
test_mystring test2                 : 3   of 3  
test_mystring test3                 : 0   of 3  
test_mystring test4                 : 3   of 3  
test_mystring test5                 : 0   of 3  
test_mystring test6                 : 0   of 3  
test_mystring test7                 : 0   of 3  
-------------------------------------------------
CS240: Lab 2b. sbassi Sat Jan 31 23:36:59 EST 2015  Total:  9 of 21



-------------------------------------------------
CS240: Lab 2b. sbassi   
Sun Feb  1 00:26:51 EST 2015
-------------------------------------------------
test_mystring test1                 : 3   of 3  
test_mystring test2                 : 3   of 3  
test_mystring test3                 : 3   of 3  
test_mystring test4                 : 3   of 3  
test_mystring test5                 : 0   of 3  
test_mystring test6                 : 0   of 3  
test_mystring test7                 : 0   of 3  
-------------------------------------------------
CS240: Lab 2b. sbassi Sun Feb 1 00:26:51 EST 2015  Total:  12 of 21



-------------------------------------------------
CS240: Lab 2b. sbassi   
Sun Feb  1 00:38:45 EST 2015
-------------------------------------------------
test_mystring test1                 : 3   of 3  
test_mystring test2                 : 3   of 3  
test_mystring test3                 : 3   of 3  
test_mystring test4                 : 3   of 3  
test_mystring test5                 : 0   of 3  
test_mystring test6                 : 0   of 3  
test_mystring test7                 : 0   of 3  
-------------------------------------------------
CS240: Lab 2b. sbassi Sun Feb 1 00:38:45 EST 2015  Total:  12 of 21



-------------------------------------------------
CS240: Lab 2b. sbassi   
Sun Feb  1 00:52:42 EST 2015
-------------------------------------------------
test_mystring test1                 : 3   of 3  
test_mystring test2                 : 3   of 3  
test_mystring test3                 : 3   of 3  
test_mystring test4                 : 3   of 3  
test_mystring test5                 : 0   of 3  
test_mystring test6                 : 0   of 3  
test_mystring test7                 : 0   of 3  
-------------------------------------------------
CS240: Lab 2b. sbassi Sun Feb 1 00:52:42 EST 2015  Total:  12 of 21



-------------------------------------------------
CS240: Lab 2b. sbassi   
Sun Feb  1 00:59:07 EST 2015
-------------------------------------------------
test_mystring test1                 : 3   of 3  
test_mystring test2                 : 3   of 3  
test_mystring test3                 : 3   of 3  
test_mystring test4                 : 3   of 3  
test_mystring test6                 : 0   of 3  
test_mystring test7                 : 0   of 3  
-------------------------------------------------
CS240: Lab 2b. sbassi Sun Feb 1 00:59:07 EST 2015  Total:  12 of 21



-------------------------------------------------
CS240: Lab 2b. sbassi   
Sun Feb  1 01:02:11 EST 2015
-------------------------------------------------
test_mystring test1                 : 3   of 3  
test_mystring test2                 : 3   of 3  
test_mystring test3                 : 3   of 3  
test_mystring test4                 : 3   of 3  
test_mystring test5                 : 3   of 3  
test_mystring test6                 : 0   of 3  
test_mystring test7                 : 0   of 3  
-------------------------------------------------
CS240: Lab 2b. sbassi Sun Feb 1 01:02:11 EST 2015  Total:  15 of 21



-------------------------------------------------
CS240: Lab 2b. sbassi   
Sun Feb  1 01:09:43 EST 2015
-------------------------------------------------
test_mystring test1                 : 3   of 3  
test_mystring test2                 : 3   of 3  
test_mystring test3                 : 3   of 3  
test_mystring test4                 : 3   of 3  
test_mystring test5                 : 3   of 3  
test_mystring test6                 : 0   of 3  
test_mystring test7                 : 0   of 3  
-------------------------------------------------
CS240: Lab 2b. sbassi Sun Feb 1 01:09:43 EST 2015  Total:  15 of 21



-------------------------------------------------
CS240: Lab 2b. sbassi   
Sun Feb  1 01:15:04 EST 2015
-------------------------------------------------
test_mystring test1                 : 3   of 3  
test_mystring test2                 : 3   of 3  
test_mystring test3                 : 3   of 3  
test_mystring test4                 : 3   of 3  
test_mystring test5                 : 3   of 3  
test_mystring test6                 : 0   of 3  
test_mystring test7                 : 0   of 3  
-------------------------------------------------
CS240: Lab 2b. sbassi Sun Feb 1 01:15:04 EST 2015  Total:  15 of 21



-------------------------------------------------
CS240: Lab 2b. sbassi   
Sun Feb  1 01:19:37 EST 2015
-------------------------------------------------
test_mystring test1                 : 3   of 3  
test_mystring test2                 : 3   of 3  
test_mystring test3                 : 3   of 3  
test_mystring test4                 : 3   of 3  
test_mystring test5                 : 3   of 3  
test_mystring test6                 : 3   of 3  
test_mystring test7                 : 0   of 3  
-------------------------------------------------
CS240: Lab 2b. sbassi Sun Feb 1 01:19:37 EST 2015  Total:  18 of 21



-------------------------------------------------
CS240: Lab 2b. sbassi   
Sun Feb  1 01:43:11 EST 2015
-------------------------------------------------
test_mystring test1                 : 3   of 3  
test_mystring test2                 : 3   of 3  
test_mystring test3                 : 3   of 3  
test_mystring test4                 : 3   of 3  
test_mystring test5                 : 3   of 3  
test_mystring test6                 : 3   of 3  
-------------------------------------------------
CS240: Lab 2b. sbassi Sun Feb 1 01:43:11 EST 2015  Total:  18 of 21



-------------------------------------------------
CS240: Lab 2b. sbassi   
Sun Feb  1 01:44:05 EST 2015
-------------------------------------------------
test_mystring test1                 : 3   of 3  
test_mystring test2                 : 3   of 3  
test_mystring test3                 : 3   of 3  
test_mystring test4                 : 3   of 3  
test_mystring test5                 : 3   of 3  
test_mystring test6                 : 3   of 3  
-------------------------------------------------
CS240: Lab 2b. sbassi Sun Feb 1 01:44:05 EST 2015  Total:  18 of 21



-------------------------------------------------
CS240: Lab 2b. sbassi   
Sun Feb  1 01:45:21 EST 2015
-------------------------------------------------
test_mystring test1                 : 3   of 3  
test_mystring test2                 : 3   of 3  
test_mystring test3                 : 3   of 3  
test_mystring test4                 : 3   of 3  
test_mystring test5                 : 3   of 3  
test_mystring test6                 : 3   of 3  
test_mystring test7                 : 3   of 3  
-------------------------------------------------
CS240: Lab 2b. sbassi Sun Feb 1 01:45:21 EST 2015  Total:  21 of 21



-------------------------------------------------
CS240: Lab 2b. sbassi   
Wed Feb 18 05:49:19 EST 2015
-------------------------------------------------
test_mystring test1                 : 3   of 3  
test_mystring test2                 : 3   of 3  
test_mystring test3                 : 3   of 3  
test_mystring test4                 : 3   of 3  
test_mystring test5                 : 3   of 3  
test_mystring test6                 : 3   of 3  
test_mystring test7                 : 3   of 3  
-------------------------------------------------
CS240: Lab 2b. sbassi Wed Feb 18 05:49:19 EST 2015  Total:  21 of 21



-------------------------------------------------
CS240: Lab 2b. sbassi   
Wed Feb 18 05:53:02 EST 2015
-------------------------------------------------
test_mystring test1                 : 3   of 3  
test_mystring test4                 : 3   of 3  
test_mystring test5                 : 3   of 3  
test_mystring test7                 : 3   of 3  
-------------------------------------------------
CS240: Lab 2b. sbassi Wed Feb 18 05:53:02 EST 2015  Total:  12 of 21



-------------------------------------------------
CS240: Lab 2b. sbassi   
Wed Feb 18 05:54:02 EST 2015
-------------------------------------------------
test_mystring test1                 : 3   of 3  
test_mystring test4                 : 3   of 3  
test_mystring test5                 : 3   of 3  
test_mystring test7                 : 3   of 3  
-------------------------------------------------
CS240: Lab 2b. sbassi Wed Feb 18 05:54:02 EST 2015  Total:  12 of 21



-------------------------------------------------
CS240: Lab 2b. sbassi   
Wed Feb 18 05:54:31 EST 2015
-------------------------------------------------
test_mystring test1                 : 3   of 3  
test_mystring test2                 : 3   of 3  
test_mystring test3                 : 3   of 3  
test_mystring test4                 : 3   of 3  
test_mystring test5                 : 3   of 3  
test_mystring test6                 : 3   of 3  
test_mystring test7                 : 3   of 3  
-------------------------------------------------
CS240: Lab 2b. sbassi Wed Feb 18 05:54:31 EST 2015  Total:  21 of 21



-------------------------------------------------
CS240: Lab 2b. sbassi   
Wed Feb 18 06:00:34 EST 2015
-------------------------------------------------
test_mystring test1                 : 3   of 3  
test_mystring test2                 : 3   of 3  
test_mystring test3                 : 3   of 3  
test_mystring test4                 : 3   of 3  
test_mystring test5                 : 3   of 3  
test_mystring test6                 : 3   of 3  
test_mystring test7                 : 3   of 3  
-------------------------------------------------
CS240: Lab 2b. sbassi Wed Feb 18 06:00:34 EST 2015  Total:  21 of 21



-------------------------------------------------
CS240: Lab 2b. sbassi   
Wed Feb 18 06:01:42 EST 2015
-------------------------------------------------
test_mystring test1                 : 3   of 3  
test_mystring test2                 : 0   of 3  
test_mystring test3                 : 3   of 3  
test_mystring test4                 : 3   of 3  
test_mystring test5                 : 3   of 3  
test_mystring test6                 : 3   of 3  
test_mystring test7                 : 3   of 3  
-------------------------------------------------
CS240: Lab 2b. sbassi Wed Feb 18 06:01:42 EST 2015  Total:  18 of 21



-------------------------------------------------
CS240: Lab 2b. sbassi   
Wed Feb 18 06:02:28 EST 2015
-------------------------------------------------
test_mystring test1                 : 3   of 3  
test_mystring test2                 : 0   of 3  
test_mystring test3                 : 3   of 3  
test_mystring test4                 : 3   of 3  
test_mystring test5                 : 3   of 3  
test_mystring test6                 : 3   of 3  
test_mystring test7                 : 3   of 3  
-------------------------------------------------
CS240: Lab 2b. sbassi Wed Feb 18 06:02:28 EST 2015  Total:  18 of 21



-------------------------------------------------
CS240: Lab 2b. sbassi   
Wed Feb 18 06:03:09 EST 2015
-------------------------------------------------
test_mystring test1                 : 3   of 3  
test_mystring test2                 : 0   of 3  
test_mystring test3                 : 0   of 3  
test_mystring test4                 : 3   of 3  
test_mystring test5                 : 3   of 3  
test_mystring test6                 : 3   of 3  
test_mystring test7                 : 3   of 3  
-------------------------------------------------
CS240: Lab 2b. sbassi Wed Feb 18 06:03:09 EST 2015  Total:  15 of 21



-------------------------------------------------
CS240: Lab 2b. sbassi   
Wed Feb 18 06:03:53 EST 2015
-------------------------------------------------
test_mystring test1                 : 3   of 3  
test_mystring test2                 : 0   of 3  
test_mystring test3                 : 3   of 3  
test_mystring test4                 : 3   of 3  
test_mystring test5                 : 3   of 3  
test_mystring test6                 : 3   of 3  
test_mystring test7                 : 3   of 3  
-------------------------------------------------
CS240: Lab 2b. sbassi Wed Feb 18 06:03:53 EST 2015  Total:  18 of 21



-------------------------------------------------
CS240: Lab 2b. sbassi   
Wed Feb 18 06:09:40 EST 2015
-------------------------------------------------
test_mystring test1                 : 3   of 3  
test_mystring test2                 : 0   of 3  
test_mystring test3                 : 0   of 3  
test_mystring test4                 : 3   of 3  
test_mystring test5                 : 3   of 3  
test_mystring test6                 : 3   of 3  
test_mystring test7                 : 3   of 3  
-------------------------------------------------
CS240: Lab 2b. sbassi Wed Feb 18 06:09:40 EST 2015  Total:  15 of 21



-------------------------------------------------
CS240: Lab 2b. sbassi   
Wed Feb 18 06:11:14 EST 2015
-------------------------------------------------
test_mystring test1                 : 3   of 3  
test_mystring test2                 : 0   of 3  
test_mystring test3                 : 0   of 3  
test_mystring test4                 : 3   of 3  
test_mystring test5                 : 3   of 3  
test_mystring test6                 : 3   of 3  
test_mystring test7                 : 3   of 3  
-------------------------------------------------
CS240: Lab 2b. sbassi Wed Feb 18 06:11:14 EST 2015  Total:  15 of 21



-------------------------------------------------
CS240: Lab 2b. sbassi   
Wed Feb 18 07:25:57 EST 2015
-------------------------------------------------
test_mystring test1                 : 3   of 3  
test_mystring test2                 : 0   of 3  
test_mystring test3                 : 0   of 3  
test_mystring test4                 : 3   of 3  
test_mystring test5                 : 3   of 3  
test_mystring test6                 : 3   of 3  
test_mystring test7                 : 3   of 3  
-------------------------------------------------
CS240: Lab 2b. sbassi Wed Feb 18 07:25:57 EST 2015  Total:  15 of 21



-------------------------------------------------
CS240: Lab 2b. sbassi   
Wed Feb 18 07:27:30 EST 2015
-------------------------------------------------
test_mystring test1                 : 3   of 3  
test_mystring test2                 : 3   of 3  
test_mystring test3                 : 0   of 3  
test_mystring test4                 : 3   of 3  
test_mystring test5                 : 3   of 3  
test_mystring test6                 : 3   of 3  
test_mystring test7                 : 3   of 3  
-------------------------------------------------
CS240: Lab 2b. sbassi Wed Feb 18 07:27:30 EST 2015  Total:  18 of 21



-------------------------------------------------
CS240: Lab 2b. sbassi   
Wed Feb 18 07:28:53 EST 2015
-------------------------------------------------
test_mystring test1                 : 3   of 3  
test_mystring test2                 : 3   of 3  
test_mystring test3                 : 3   of 3  
test_mystring test4                 : 3   of 3  
test_mystring test5                 : 3   of 3  
test_mystring test6                 : 3   of 3  
test_mystring test7                 : 3   of 3  
-------------------------------------------------
CS240: Lab 2b. sbassi Wed Feb 18 07:28:53 EST 2015  Total:  21 of 21



-------------------------------------------------
CS240: Lab 2b. sbassi   
Wed Feb 18 08:15:36 EST 2015
-------------------------------------------------
test_mystring test1                 : 3   of 3  
test_mystring test2                 : 3   of 3  
test_mystring test3                 : 3   of 3  
test_mystring test4                 : 3   of 3  
test_mystring test5                 : 3   of 3  
test_mystring test6                 : 3   of 3  
test_mystring test7                 : 3   of 3  
-------------------------------------------------
CS240: Lab 2b. sbassi Wed Feb 18 08:15:36 EST 2015  Total:  21 of 21



-------------------------------------------------
CS240: Lab 2b. sbassi   
Thu Mar  5 14:47:03 EST 2015
-------------------------------------------------
test_mystring test1                 : 3   of 3  
test_mystring test2                 : 3   of 3  
test_mystring test3                 : 3   of 3  
test_mystring test4                 : 3   of 3  
test_mystring test5                 : 3   of 3  
test_mystring test6                 : 3   of 3  
test_mystring test7                 : 3   of 3  
-------------------------------------------------
CS240: Lab 2b. sbassi Thu Mar 5 14:47:03 EST 2015  Total:  21 of 21

