CS240: lab4. cs240 Mon Feb 16 10:16:28 EST 2015  Total:  21 of 112

CS240: lab4. cs240 Mon Feb 16 10:16:57 EST 2015  Total:  33 of 112

CS240: lab4. cs240 Mon Feb 16 10:17:48 EST 2015  Total:  33 of 112

CS240: lab4. cs240 Mon Feb 16 10:17:55 EST 2015  Total:  33 of 112

CS240: lab4. cs240 Mon Feb 16 11:08:32 EST 2015  Total:  36 of 115

CS240: lab4. owner Mon, Feb 16, 2015 8:34:34 PM  Total:  0 of 72

CS240: lab4. owner Mon, Feb 16, 2015 8:37:29 PM  Total:  72 of 72

CS240: lab4. cs240 Mon Feb 16 21:18:26 EST 2015  Total:  9 of 72

CS240: lab4. cs240 Mon Feb 16 21:22:59 EST 2015  Total:  9 of 72

CS240: lab4. sbassi Wed Feb 18 06:14:05 EST 2015  Total:  12 of 72

CS240: lab4. sbassi Wed Feb 18 06:15:56 EST 2015  Total:  12 of 72

CS240: lab4. sbassi Wed Feb 18 06:17:37 EST 2015  Total:  12 of 72

CS240: lab4. sbassi Wed Feb 18 06:18:40 EST 2015  Total:  12 of 72

CS240: lab4. sbassi Wed Feb 18 06:25:48 EST 2015  Total:  12 of 72

CS240: lab4. sbassi Wed Feb 18 06:33:46 EST 2015  Total:  12 of 72

CS240: lab4. sbassi Wed Feb 18 06:42:50 EST 2015  Total:  12 of 72

CS240: lab4. sbassi Wed Feb 18 06:56:28 EST 2015  Total:  15 of 72

CS240: lab4. sbassi Wed Feb 18 07:01:47 EST 2015  Total:  15 of 72

CS240: lab4. sbassi Wed Feb 18 07:03:08 EST 2015  Total:  15 of 72

CS240: lab4. sbassi Wed Feb 18 07:04:45 EST 2015  Total:  15 of 72

CS240: lab4. sbassi Wed Feb 18 07:10:51 EST 2015  Total:  15 of 72

CS240: lab4. sbassi Wed Feb 18 07:24:33 EST 2015  Total:  18 of 72

CS240: lab4. sbassi Wed Feb 18 07:31:41 EST 2015  Total:  18 of 72

CS240: lab4. sbassi Wed Feb 18 07:32:08 EST 2015  Total:  18 of 72

CS240: lab4. sbassi Wed Feb 18 07:32:50 EST 2015  Total:  21 of 72

CS240: lab4. sbassi Wed Feb 18 08:04:55 EST 2015  Total:  24 of 72

CS240: lab4. sbassi Wed Feb 18 08:06:07 EST 2015  Total:  24 of 72

CS240: lab4. sbassi Wed Feb 18 08:14:14 EST 2015  Total:  27 of 72

CS240: lab4. sbassi Wed Feb 18 08:15:14 EST 2015  Total:  30 of 72

CS240: lab4. sbassi Wed Feb 18 14:19:17 EST 2015  Total:  33 of 72

CS240: lab4. sbassi Wed Feb 18 14:22:34 EST 2015  Total:  33 of 72

CS240: lab4. sbassi Wed Feb 18 14:24:16 EST 2015  Total:  36 of 72

CS240: lab4. sbassi Wed Feb 18 21:21:13 EST 2015  Total:  36 of 72

CS240: lab4. sbassi Wed Feb 18 21:26:07 EST 2015  Total:  36 of 72

CS240: lab4. sbassi Wed Feb 18 21:27:42 EST 2015  Total:  39 of 72

CS240: lab4. sbassi Wed Feb 18 21:50:11 EST 2015  Total:  39 of 72

CS240: lab4. sbassi Wed Feb 18 23:12:21 EST 2015  Total:  39 of 75

CS240: lab4. sbassi Wed Feb 18 23:17:43 EST 2015  Total:  39 of 75

CS240: lab4. sbassi Wed Feb 18 23:22:39 EST 2015  Total:  39 of 75

CS240: lab4. sbassi Wed Feb 18 23:33:33 EST 2015  Total:  39 of 75

CS240: lab4. sbassi Wed Feb 18 23:35:43 EST 2015  Total:  42 of 75

CS240: lab4. sbassi Wed Feb 18 23:39:32 EST 2015  Total:  42 of 75

CS240: lab4. sbassi Wed Feb 18 23:42:55 EST 2015  Total:  45 of 75

CS240: lab4. sbassi Thu Feb 19 11:27:40 EST 2015  Total:  45 of 75

CS240: lab4. sbassi Thu Feb 19 12:12:21 EST 2015  Total:  45 of 75

CS240: lab4. sbassi Thu Feb 26 12:55:39 EST 2015  Total:  45 of 75

CS240: lab4. sbassi Fri Feb 27 10:52:04 EST 2015  Total:  45 of 75

CS240: lab4. sbassi Fri Feb 27 10:55:57 EST 2015  Total:  48 of 75

CS240: lab4. sbassi Sat Feb 28 04:27:32 EST 2015  Total:  48 of 75

CS240: lab4. sbassi Sat Feb 28 09:14:04 EST 2015  Total:  48 of 75

CS240: lab4. sbassi Sat Feb 28 17:32:29 EST 2015  Total:  48 of 75

CS240: lab4. sbassi Sat Feb 28 17:35:41 EST 2015  Total:  48 of 75

CS240: lab4. sbassi Sat Feb 28 17:36:29 EST 2015  Total:  51 of 75

CS240: lab4. sbassi Sat Feb 28 17:51:17 EST 2015  Total:  54 of 75

CS240: lab4. sbassi Sat Feb 28 17:59:00 EST 2015  Total:  54 of 75

CS240: lab4. sbassi Sat Feb 28 18:00:10 EST 2015  Total:  57 of 75

CS240: lab4. sbassi Sat Feb 28 18:04:48 EST 2015  Total:  57 of 75

CS240: lab4. sbassi Sat Feb 28 18:05:50 EST 2015  Total:  60 of 75

CS240: lab4. sbassi Sat Feb 28 18:15:20 EST 2015  Total:  60 of 75

CS240: lab4. sbassi Sat Feb 28 18:16:16 EST 2015  Total:  60 of 75

CS240: lab4. sbassi Sat Feb 28 18:16:40 EST 2015  Total:  60 of 75

CS240: lab4. sbassi Sat Feb 28 18:17:43 EST 2015  Total:  63 of 75

CS240: lab4. sbassi Sat Feb 28 18:22:04 EST 2015  Total:  63 of 75

CS240: lab4. sbassi Sat Feb 28 18:24:18 EST 2015  Total:  63 of 75

CS240: lab4. sbassi Sat Feb 28 18:26:27 EST 2015  Total:  63 of 75

CS240: lab4. sbassi Sat Feb 28 18:28:58 EST 2015  Total:  69 of 75

CS240: lab4. sbassi Sat Feb 28 18:37:54 EST 2015  Total:  69 of 75

CS240: lab4. sbassi Sun Mar 1 08:55:17 EST 2015  Total:  69 of 75

CS240: lab4. sbassi Sun Mar 1 08:57:53 EST 2015  Total:  69 of 75

CS240: lab4. sbassi Sun Mar 1 08:58:43 EST 2015  Total:  69 of 75

CS240: lab4. sbassi Sun Mar 1 09:04:46 EST 2015  Total:  69 of 75

CS240: lab4. sbassi Sun Mar 1 09:13:14 EST 2015  Total:  69 of 75

CS240: lab4. sbassi Sun Mar 1 09:19:03 EST 2015  Total:  69 of 75

CS240: lab4. sbassi Sun Mar 1 14:22:32 EST 2015  Total:  69 of 75

CS240: lab4. sbassi Sun Mar 1 14:24:51 EST 2015  Total:  63 of 75

CS240: lab4. sbassi Sun Mar 1 14:32:05 EST 2015  Total:  69 of 75

CS240: lab4. sbassi Sun Mar 1 14:47:01 EST 2015  Total:  69 of 75

CS240: lab4. sbassi Sun Mar 1 14:51:06 EST 2015  Total:  69 of 75

CS240: lab4. sbassi Sun Mar 1 14:52:09 EST 2015  Total:  69 of 75

CS240: lab4. sbassi Sun Mar 1 14:54:59 EST 2015  Total:  69 of 75

CS240: lab4. sbassi Sun Mar 1 14:56:19 EST 2015  Total:  69 of 75

CS240: lab4. sbassi Sun Mar 1 15:01:46 EST 2015  Total:  69 of 75

CS240: lab4. sbassi Sun Mar 1 15:02:21 EST 2015  Total:  69 of 75

CS240: lab4. sbassi Sun Mar 1 15:05:20 EST 2015  Total:  69 of 75

CS240: lab4. sbassi Sun Mar 1 15:14:26 EST 2015  Total:  69 of 75

CS240: lab4. sbassi Sun Mar 1 15:50:22 EST 2015  Total:  69 of 75

CS240: lab4. sbassi Sun Mar 1 16:03:58 EST 2015  Total:  69 of 75

CS240: lab4. sbassi Sun Mar 1 16:05:15 EST 2015  Total:  69 of 75

CS240: lab4. sbassi Sun Mar 1 16:11:53 EST 2015  Total:  69 of 75

CS240: lab4. sbassi Sun Mar 1 16:14:16 EST 2015  Total:  69 of 75

CS240: lab4. sbassi Sun Mar 1 16:15:06 EST 2015  Total:  69 of 75

CS240: lab4. sbassi Sun Mar 1 16:40:01 EST 2015  Total:  69 of 75

CS240: lab4. sbassi Sun Mar 1 17:09:22 EST 2015  Total:  69 of 75

CS240: lab4. sbassi Sun Mar 1 17:51:33 EST 2015  Total:  72 of 75

CS240: lab4. sbassi Sun Mar 1 17:59:04 EST 2015  Total:  72 of 75

CS240: lab4. sbassi Sun Mar 1 18:03:21 EST 2015  Total:  75 of 75

CS240: lab4. sbassi Mon Mar 2 09:49:57 EST 2015  Total:  72 of 100

CS240: lab4. sbassi Mon Mar 2 14:55:32 EST 2015  Total:  80 of 100

CS240: lab4. sbassi Mon Mar 2 15:06:38 EST 2015  Total:  80 of 100

CS240: lab4. sbassi Mon Mar 2 15:15:31 EST 2015  Total:  80 of 100

CS240: lab4. sbassi Mon Mar 2 15:15:49 EST 2015  Total:  80 of 100

CS240: lab4. sbassi Mon Mar 2 15:17:39 EST 2015  Total:  80 of 100

CS240: lab4. sbassi Mon Mar 2 15:18:29 EST 2015  Total:  84 of 100

CS240: lab4. sbassi Mon Mar 2 15:19:40 EST 2015  Total:  84 of 100

CS240: lab4. sbassi Mon Mar 2 15:20:41 EST 2015  Total:  87 of 103

CS240: lab4. sbassi Mon Mar 2 15:31:47 EST 2015  Total:  83 of 103

CS240: lab4. sbassi Mon Mar 2 15:35:45 EST 2015  Total:  87 of 103

CS240: lab4. sbassi Mon Mar 2 15:43:31 EST 2015  Total:  87 of 103

CS240: lab4. sbassi Mon Mar 2 17:49:32 EST 2015  Total:  83 of 103

CS240: lab4. sbassi Mon Mar 2 17:50:38 EST 2015  Total:  83 of 103

CS240: lab4. sbassi Mon Mar 2 17:52:11 EST 2015  Total:  87 of 103

CS240: lab4. sbassi Mon Mar 2 18:08:51 EST 2015  Total:  87 of 103

CS240: lab4. sbassi Mon Mar 2 18:15:10 EST 2015  Total:  91 of 103

CS240: lab4. sbassi Mon Mar 2 20:02:00 EST 2015  Total:  91 of 103

CS240: lab4. sbassi Mon Mar 2 20:06:13 EST 2015  Total:  83 of 103

CS240: lab4. sbassi Mon Mar 2 20:07:01 EST 2015  Total:  91 of 103

CS240: lab4. sbassi Mon Mar 2 20:41:51 EST 2015  Total:  91 of 103

CS240: lab4. sbassi Mon Mar 2 21:02:48 EST 2015  Total:  91 of 103

CS240: lab4. sbassi Mon Mar 2 21:03:30 EST 2015  Total:  91 of 103

CS240: lab4. sbassi Mon Mar 2 21:03:49 EST 2015  Total:  94 of 103

CS240: lab4. sbassi Mon Mar 2 21:14:14 EST 2015  Total:  94 of 103

CS240: lab4. sbassi Mon Mar 2 21:31:14 EST 2015  Total:  94 of 103

CS240: lab4. sbassi Mon Mar 2 23:29:57 EST 2015  Total:  94 of 103

CS240: lab4. sbassi Mon Mar 2 23:30:40 EST 2015  Total:  94 of 103

CS240: lab4. sbassi Mon Mar 2 23:31:47 EST 2015  Total:  103 of 103

CS240: lab4. sbassi Mon Mar 2 23:57:44 EST 2015  Total:  103 of 103

CS240: lab4. sbassi Thu Mar 5 14:47:21 EST 2015  Total:  103 of 103

CS240: lab4. sbassi Mon Mar 30 02:07:43 EDT 2015  Total:  103 of 103

CS240: lab4. sbassi Mon Mar 30 02:07:51 EDT 2015  Total:  103 of 103

